#
# There is insufficient memory for the Java Runtime Environment to continue.
# Native memory allocation (mmap) failed to map 108527616 bytes for committing reserved memory.
# Possible reasons:
#   The system is out of physical RAM or swap space
#   In 32 bit mode, the process size limit was hit
# Possible solutions:
#   Reduce memory load on the system
#   Increase physical memory or swap space
#   Check if swap backing store is full
#   Use 64 bit Java on a 64 bit OS
#   Decrease Java heap size (-Xmx/-Xms)
#   Decrease number of Java threads
#   Decrease Java thread stack sizes (-Xss)
#   Set larger code cache with -XX:ReservedCodeCacheSize=
# This output file may be truncated or incomplete.
#
#  Out of Memory Error (os_linux.cpp:2627), pid=12140, tid=0x00007f94756f6700
#
# JRE version: OpenJDK Runtime Environment (8.0_76-b01) (build 1.8.0_76-release-b01)
# Java VM: OpenJDK 64-Bit Server VM (25.76-b01 mixed mode linux-amd64 compressed oops)
# Failed to write core dump. Core dumps have been disabled. To enable core dumping, try "ulimit -c unlimited" before starting Java again
#

---------------  T H R E A D  ---------------

Current thread (0x00007f948c077800):  VMThread [stack: 0x00007f94755f6000,0x00007f94756f7000] [id=12150]

Stack: [0x00007f94755f6000,0x00007f94756f7000],  sp=0x00007f94756f54d0,  free space=1021k
Native frames: (J=compiled Java code, j=interpreted, Vv=VM code, C=native code)
V  [libjvm.so+0x9d9fcd]  VMError::report_and_die()+0x15d
V  [libjvm.so+0x4b4d4a]  report_vm_out_of_memory(char const*, int, unsigned long, VMErrorType, char const*)+0x8a
V  [libjvm.so+0x845190]  os::pd_commit_memory(char*, unsigned long, unsigned long, bool)+0xf0
V  [libjvm.so+0x83fcbf]  os::commit_memory(char*, unsigned long, unsigned long, bool)+0x1f
V  [libjvm.so+0x8b4d9b]  PSVirtualSpace::expand_by(unsigned long)+0x5b
V  [libjvm.so+0x8a5b7b]  PSOldGen::expand_by(unsigned long) [clone .part.109]+0x1b
V  [libjvm.so+0x8a5d3b]  PSOldGen::expand(unsigned long) [clone .part.111]+0xdb
V  [libjvm.so+0x8a6618]  PSOldGen::resize(unsigned long)+0x188
V  [libjvm.so+0x8abc2c]  PSParallelCompact::invoke_no_policy(bool)+0x97c
V  [libjvm.so+0x8b2d3d]  PSScavenge::invoke()+0x17d
V  [libjvm.so+0x8681f3]  ParallelScavengeHeap::failed_mem_allocate(unsigned long)+0x63
V  [libjvm.so+0x9dba94]  VM_ParallelGCFailedAllocation::doit()+0x84
V  [libjvm.so+0x9dfe47]  VM_Operation::evaluate()+0x47
V  [libjvm.so+0x9de908]  VMThread::evaluate_operation(VM_Operation*)+0x2c8
V  [libjvm.so+0x9ded89]  VMThread::loop()+0x219
V  [libjvm.so+0x9df1d2]  VMThread::run()+0x72
V  [libjvm.so+0x8425b2]  java_start(Thread*)+0xf2

VM_Operation (0x00007f946fffdfd0): ParallelGCFailedAllocation, mode: safepoint, requested by thread 0x00007f948c1a2000


---------------  P R O C E S S  ---------------

Java Threads: ( => current thread )
  0x00007f948c1a4000 JavaThread "pool-2-thread-4" [_thread_blocked, id=12163, stack(0x00007f946fdfe000,0x00007f946feff000)]
  0x00007f948c1a2000 JavaThread "pool-2-thread-3" [_thread_blocked, id=12162, stack(0x00007f946feff000,0x00007f9470000000)]
  0x00007f948c1a0800 JavaThread "pool-2-thread-2" [_thread_blocked, id=12161, stack(0x00007f94740d9000,0x00007f94741da000)]
  0x00007f948c19f800 JavaThread "pool-3-thread-1" [_thread_blocked, id=12160, stack(0x00007f94741da000,0x00007f94742db000)]
  0x00007f948c19d000 JavaThread "pool-2-thread-1" [_thread_blocked, id=12159, stack(0x00007f94742db000,0x00007f94743dc000)]
  0x00007f948c0c0000 JavaThread "Service Thread" daemon [_thread_blocked, id=12157, stack(0x00007f9474530000,0x00007f9474631000)]
  0x00007f948c0bc800 JavaThread "C1 CompilerThread2" daemon [_thread_blocked, id=12156, stack(0x00007f9474631000,0x00007f9474732000)]
  0x00007f948c0bb000 JavaThread "C2 CompilerThread1" daemon [_thread_blocked, id=12155, stack(0x00007f9474732000,0x00007f9474833000)]
  0x00007f948c0b8000 JavaThread "C2 CompilerThread0" daemon [_thread_blocked, id=12154, stack(0x00007f9474833000,0x00007f9474934000)]
  0x00007f948c0b6800 JavaThread "Signal Dispatcher" daemon [_thread_blocked, id=12153, stack(0x00007f9474934000,0x00007f9474a35000)]
  0x00007f948c084000 JavaThread "Finalizer" daemon [_thread_blocked, id=12152, stack(0x00007f94753f4000,0x00007f94754f5000)]
  0x00007f948c07f800 JavaThread "Reference Handler" daemon [_thread_blocked, id=12151, stack(0x00007f94754f5000,0x00007f94755f6000)]
  0x00007f948c00a000 JavaThread "main" [_thread_blocked, id=12145, stack(0x00007f9493c0c000,0x00007f9493d0d000)]

Other Threads:
=>0x00007f948c077800 VMThread [stack: 0x00007f94755f6000,0x00007f94756f7000] [id=12150]
  0x00007f948c0c2800 WatcherThread [stack: 0x00007f947442f000,0x00007f9474530000] [id=12158]

VM state:at safepoint (normal execution)

VM Mutex/Monitor currently owned by a thread:  ([mutex/lock_event])
[0x00007f948c006190] ExpandHeap_lock - owner thread: 0x00007f948c077800
[0x00007f948c006810] Threads_lock - owner thread: 0x00007f948c077800
[0x00007f948c006d10] Heap_lock - owner thread: 0x00007f948c1a2000

Heap:
 PSYoungGen      total 228352K, used 41806K [0x00000000eab00000, 0x0000000100000000, 0x0000000100000000)
  eden space 175104K, 0% used [0x00000000eab00000,0x00000000eab00000,0x00000000f5600000)
  from space 53248K, 78% used [0x00000000f5600000,0x00000000f7ed3b98,0x00000000f8a00000)
  to   space 89088K, 0% used [0x00000000fa900000,0x00000000fa900000,0x0000000100000000)
 ParOldGen       total 155136K, used 154900K [0x00000000c0000000, 0x00000000c9780000, 0x00000000eab00000)
  object space 155136K, 99% used [0x00000000c0000000,0x00000000c97453d0,0x00000000c9780000)
 Metaspace       used 6495K, capacity 7280K, committed 7552K, reserved 1056768K
  class space    used 594K, capacity 616K, committed 640K, reserved 1048576K

Card table byte_map: [0x00007f94908a7000,0x00007f9490aa8000] byte_map_base: 0x00007f94902a7000

Marking Bits: (ParMarkBitMap*) 0x00007f94930d91a0
 Begin Bits: [0x00007f9476000000, 0x00007f9477000000)
 End Bits:   [0x00007f9477000000, 0x00007f9478000000)

Polling page: 0x00007f9493d29000

CodeCache: size=245760Kb used=10409Kb max_used=10422Kb free=235350Kb
 bounds [0x00007f947d000000, 0x00007f947da40000, 0x00007f948c000000]
 total_blobs=2727 nmethods=2459 adapters=182
 compilation: enabled

Compilation events (10 events):
Event: 4.944 Thread 0x00007f948c0bb000 nmethod 2555 0x00007f947da2ca50 code [0x00007f947da2cf00, 0x00007f947da305a0]
Event: 4.944 Thread 0x00007f948c0bb000 2604       4       com.android.dx.ssa.LocalVariableExtractor::processBlock (383 bytes)
Event: 4.952 Thread 0x00007f948c0bc800 2610   !   3       com.android.dx.cf.code.BasicBlocker::doit (156 bytes)
Event: 4.956 Thread 0x00007f948c0bc800 nmethod 2610 0x00007f947da2a710 code [0x00007f947da2a9a0, 0x00007f947da2bd18]
Event: 4.956 Thread 0x00007f948c0bc800 2612   !   2       com.android.dx.cf.attrib.AttExceptions::<init> (45 bytes)
Event: 4.957 Thread 0x00007f948c0bc800 nmethod 2612 0x00007f947da2a050 code [0x00007f947da2a1e0, 0x00007f947da2a528]
Event: 4.973 Thread 0x00007f948c0bc800 2613       2       com.android.dx.ssa.Dominators$DfsWalker::<init> (6 bytes)
Event: 4.974 Thread 0x00007f948c0bc800 nmethod 2613 0x00007f947da29d10 code [0x00007f947da29e60, 0x00007f947da29fd0]
Event: 4.974 Thread 0x00007f948c0bc800 2614       2       com.android.dx.ssa.Dominators$DfsWalker::<init> (15 bytes)
Event: 4.974 Thread 0x00007f948c0bc800 nmethod 2614 0x00007f947da299d0 code [0x00007f947da29b20, 0x00007f947da29c90]

GC Heap History (10 events):
Event: 3.008 GC heap after
Heap after GC invocations=8 (full 0):
 PSYoungGen      total 274944K, used 49644K [0x00000000eab00000, 0x0000000100000000, 0x0000000100000000)
  eden space 225280K, 0% used [0x00000000eab00000,0x00000000eab00000,0x00000000f8700000)
  from space 49664K, 99% used [0x00000000fcf80000,0x00000000ffffb2e0,0x0000000100000000)
  to   space 61952K, 0% used [0x00000000f8700000,0x00000000f8700000,0x00000000fc380000)
 ParOldGen       total 84992K, used 63906K [0x00000000c0000000, 0x00000000c5300000, 0x00000000eab00000)
  object space 84992K, 75% used [0x00000000c0000000,0x00000000c3e68b98,0x00000000c5300000)
 Metaspace       used 6456K, capacity 7216K, committed 7296K, reserved 1056768K
  class space    used 594K, capacity 616K, committed 640K, reserved 1048576K
}
Event: 3.008 GC heap before
{Heap before GC invocations=9 (full 1):
 PSYoungGen      total 274944K, used 49644K [0x00000000eab00000, 0x0000000100000000, 0x0000000100000000)
  eden space 225280K, 0% used [0x00000000eab00000,0x00000000eab00000,0x00000000f8700000)
  from space 49664K, 99% used [0x00000000fcf80000,0x00000000ffffb2e0,0x0000000100000000)
  to   space 61952K, 0% used [0x00000000f8700000,0x00000000f8700000,0x00000000fc380000)
 ParOldGen       total 84992K, used 63906K [0x00000000c0000000, 0x00000000c5300000, 0x00000000eab00000)
  object space 84992K, 75% used [0x00000000c0000000,0x00000000c3e68b98,0x00000000c5300000)
 Metaspace       used 6456K, capacity 7216K, committed 7296K, reserved 1056768K
  class space    used 594K, capacity 616K, committed 640K, reserved 1048576K
Event: 3.386 GC heap after
Heap after GC invocations=9 (full 1):
 PSYoungGen      total 274944K, used 23376K [0x00000000eab00000, 0x0000000100000000, 0x0000000100000000)
  eden space 225280K, 0% used [0x00000000eab00000,0x00000000eab00000,0x00000000f8700000)
  from space 49664K, 47% used [0x00000000fcf80000,0x00000000fe6541f8,0x0000000100000000)
  to   space 61952K, 0% used [0x00000000f8700000,0x00000000f8700000,0x00000000fc380000)
 ParOldGen       total 155136K, used 84743K [0x00000000c0000000, 0x00000000c9780000, 0x00000000eab00000)
  object space 155136K, 54% used [0x00000000c0000000,0x00000000c52c1d20,0x00000000c9780000)
 Metaspace       used 6456K, capacity 7216K, committed 7296K, reserved 1056768K
  class space    used 594K, capacity 616K, committed 640K, reserved 1048576K
}
Event: 3.997 GC heap before
{Heap before GC invocations=10 (full 1):
 PSYoungGen      total 274944K, used 248656K [0x00000000eab00000, 0x0000000100000000, 0x0000000100000000)
  eden space 225280K, 100% used [0x00000000eab00000,0x00000000f8700000,0x00000000f8700000)
  from space 49664K, 47% used [0x00000000fcf80000,0x00000000fe6541f8,0x0000000100000000)
  to   space 61952K, 0% used [0x00000000f8700000,0x00000000f8700000,0x00000000fc380000)
 ParOldGen       total 155136K, used 84743K [0x00000000c0000000, 0x00000000c9780000, 0x00000000eab00000)
  object space 155136K, 54% used [0x00000000c0000000,0x00000000c52c1d20,0x00000000c9780000)
 Metaspace       used 6485K, capacity 7216K, committed 7296K, reserved 1056768K
  class space    used 594K, capacity 616K, committed 640K, reserved 1048576K
Event: 4.066 GC heap after
Heap after GC invocations=10 (full 1):
 PSYoungGen      total 278016K, used 52576K [0x00000000eab00000, 0x0000000100000000, 0x0000000100000000)
  eden space 225280K, 0% used [0x00000000eab00000,0x00000000eab00000,0x00000000f8700000)
  from space 52736K, 99% used [0x00000000f8700000,0x00000000fba58330,0x00000000fba80000)
  to   space 69632K, 0% used [0x00000000fbc00000,0x00000000fbc00000,0x0000000100000000)
 ParOldGen       total 155136K, used 91448K [0x00000000c0000000, 0x00000000c9780000, 0x00000000eab00000)
  object space 155136K, 58% used [0x00000000c0000000,0x00000000c594e0c0,0x00000000c9780000)
 Metaspace       used 6485K, capacity 7216K, committed 7296K, reserved 1056768K
  class space    used 594K, capacity 616K, committed 640K, reserved 1048576K
}
Event: 4.564 GC heap before
{Heap before GC invocations=11 (full 1):
 PSYoungGen      total 278016K, used 277856K [0x00000000eab00000, 0x0000000100000000, 0x0000000100000000)
  eden space 225280K, 100% used [0x00000000eab00000,0x00000000f8700000,0x00000000f8700000)
  from space 52736K, 99% used [0x00000000f8700000,0x00000000fba58330,0x00000000fba80000)
  to   space 69632K, 0% used [0x00000000fbc00000,0x00000000fbc00000,0x0000000100000000)
 ParOldGen       total 155136K, used 91448K [0x00000000c0000000, 0x00000000c9780000, 0x00000000eab00000)
  object space 155136K, 58% used [0x00000000c0000000,0x00000000c594e0c0,0x00000000c9780000)
 Metaspace       used 6490K, capacity 7280K, committed 7552K, reserved 1056768K
  class space    used 594K, capacity 616K, committed 640K, reserved 1048576K
Event: 4.644 GC heap after
Heap after GC invocations=11 (full 1):
 PSYoungGen      total 244736K, used 69615K [0x00000000eab00000, 0x0000000100000000, 0x0000000100000000)
  eden space 175104K, 0% used [0x00000000eab00000,0x00000000eab00000,0x00000000f5600000)
  from space 69632K, 99% used [0x00000000fbc00000,0x00000000ffffbe40,0x0000000100000000)
  to   space 87040K, 0% used [0x00000000f5600000,0x00000000f5600000,0x00000000fab00000)
 ParOldGen       total 155136K, used 106941K [0x00000000c0000000, 0x00000000c9780000, 0x00000000eab00000)
  object space 155136K, 68% used [0x00000000c0000000,0x00000000c686f638,0x00000000c9780000)
 Metaspace       used 6490K, capacity 7280K, committed 7552K, reserved 1056768K
  class space    used 594K, capacity 616K, committed 640K, reserved 1048576K
}
Event: 4.986 GC heap before
{Heap before GC invocations=12 (full 1):
 PSYoungGen      total 244736K, used 244719K [0x00000000eab00000, 0x0000000100000000, 0x0000000100000000)
  eden space 175104K, 100% used [0x00000000eab00000,0x00000000f5600000,0x00000000f5600000)
  from space 69632K, 99% used [0x00000000fbc00000,0x00000000ffffbe40,0x0000000100000000)
  to   space 87040K, 0% used [0x00000000f5600000,0x00000000f5600000,0x00000000fab00000)
 ParOldGen       total 155136K, used 106941K [0x00000000c0000000, 0x00000000c9780000, 0x00000000eab00000)
  object space 155136K, 68% used [0x00000000c0000000,0x00000000c686f638,0x00000000c9780000)
 Metaspace       used 6495K, capacity 7280K, committed 7552K, reserved 1056768K
  class space    used 594K, capacity 616K, committed 640K, reserved 1048576K
Event: 5.105 GC heap after
Heap after GC invocations=12 (full 1):
 PSYoungGen      total 228352K, used 52866K [0x00000000eab00000, 0x0000000100000000, 0x0000000100000000)
  eden space 175104K, 0% used [0x00000000eab00000,0x00000000eab00000,0x00000000f5600000)
  from space 53248K, 99% used [0x00000000f5600000,0x00000000f89a0990,0x00000000f8a00000)
  to   space 89088K, 0% used [0x00000000fa900000,0x00000000fa900000,0x0000000100000000)
 ParOldGen       total 155136K, used 149004K [0x00000000c0000000, 0x00000000c9780000, 0x00000000eab00000)
  object space 155136K, 96% used [0x00000000c0000000,0x00000000c91832e8,0x00000000c9780000)
 Metaspace       used 6495K, capacity 7280K, committed 7552K, reserved 1056768K
  class space    used 594K, capacity 616K, committed 640K, reserved 1048576K
}
Event: 5.105 GC heap before
{Heap before GC invocations=13 (full 2):
 PSYoungGen      total 228352K, used 52866K [0x00000000eab00000, 0x0000000100000000, 0x0000000100000000)
  eden space 175104K, 0% used [0x00000000eab00000,0x00000000eab00000,0x00000000f5600000)
  from space 53248K, 99% used [0x00000000f5600000,0x00000000f89a0990,0x00000000f8a00000)
  to   space 89088K, 0% used [0x00000000fa900000,0x00000000fa900000,0x0000000100000000)
 ParOldGen       total 155136K, used 149004K [0x00000000c0000000, 0x00000000c9780000, 0x00000000eab00000)
  object space 155136K, 96% used [0x00000000c0000000,0x00000000c91832e8,0x00000000c9780000)
 Metaspace       used 6495K, capacity 7280K, committed 7552K, reserved 1056768K
  class space    used 594K, capacity 616K, committed 640K, reserved 1048576K

Deoptimization events (10 events):
Event: 2.265 Thread 0x00007f948c19d000 Uncommon trap: reason=class_check action=maybe_recompile pc=0x00007f947d7d2808 method=com.android.dx.rop.code.RegisterSpec.withSimpleType()Lcom/android/dx/rop/code/RegisterSpec; @ 21
Event: 2.273 Thread 0x00007f948c1a4000 Uncommon trap: reason=unstable_if action=reinterpret pc=0x00007f947d7d0344 method=com.android.dx.rop.code.RegisterSpec.equals(ILcom/android/dx/rop/type/TypeBearer;Lcom/android/dx/rop/code/LocalItem;)Z @ 42
Event: 2.832 Thread 0x00007f948c1a0800 Uncommon trap: reason=unstable_if action=reinterpret pc=0x00007f947d86af1c method=com.android.dx.cf.code.Ropper.processBlock(Lcom/android/dx/cf/code/ByteBlock;Lcom/android/dx/cf/code/Frame;[I)V @ 513
Event: 3.407 Thread 0x00007f948c19d000 Uncommon trap: reason=unstable_if action=reinterpret pc=0x00007f947d7747c4 method=com.android.dx.ssa.SCCP.simulateBranch(Lcom/android/dx/ssa/SsaInsn;)V @ 548
Event: 3.615 Thread 0x00007f948c1a0800 Uncommon trap: reason=unstable_if action=reinterpret pc=0x00007f947d907070 method=com.android.dx.rop.code.LocalVariableInfo.mergeStarts(ILcom/android/dx/rop/code/RegisterSpecSet;)Z @ 31
Event: 3.664 Thread 0x00007f948c19d000 Uncommon trap: reason=unstable_if action=reinterpret pc=0x00007f947d91f5a8 method=com.android.dx.cf.code.BaseMachine.getLocalTarget(Z)Lcom/android/dx/rop/code/RegisterSpec; @ 131
Event: 3.716 Thread 0x00007f948c19d000 Uncommon trap: reason=unstable_if action=reinterpret pc=0x00007f947d629fdc method=com.android.dx.ssa.SCCP.simulateStmt(Lcom/android/dx/ssa/SsaInsn;)V @ 435
Event: 3.969 Thread 0x00007f948c1a4000 Uncommon trap: reason=unstable_if action=reinterpret pc=0x00007f947d3e1bb4 method=com.android.dx.rop.code.RegisterSpecSet.<init>(I)V @ 2
Event: 4.091 Thread 0x00007f948c1a4000 Uncommon trap: reason=unstable_if action=reinterpret pc=0x00007f947d97cbb8 method=com.android.dx.rop.code.RegisterSpec.intersect(Lcom/android/dx/rop/code/RegisterSpec;Z)Lcom/android/dx/rop/code/RegisterSpec; @ 42
Event: 4.793 Thread 0x00007f948c1a4000 Uncommon trap: reason=unstable_if action=reinterpret pc=0x00007f947da0af08 method=com.android.dx.rop.code.BasicBlockList.preferredSuccessorOf(Lcom/android/dx/rop/code/BasicBlock;)Lcom/android/dx/rop/code/BasicBlock; @ 58

Internal exceptions (8 events):
Event: 0.012 Thread 0x00007f948c00a000 Exception <a 'java/lang/NoSuchMethodError': Method sun.misc.Unsafe.defineClass(Ljava/lang/String;[BII)Ljava/lang/Class; name or signature does not match> (0x00000000eab07cc0) thrown at [/ssd/Android/AOSP-openjdk/external/jetbrains/jdk/hotspot/src/share/vm
Event: 0.012 Thread 0x00007f948c00a000 Exception <a 'java/lang/NoSuchMethodError': Method sun.misc.Unsafe.prefetchRead(Ljava/lang/Object;J)V name or signature does not match> (0x00000000eab07fa8) thrown at [/ssd/Android/AOSP-openjdk/external/jetbrains/jdk/hotspot/src/share/vm/prims/jni.cpp, li
Event: 0.680 Thread 0x00007f948c19d000 Implicit null exception at 0x00007f947d2d9362 to 0x00007f947d2d946d
Event: 0.708 Thread 0x00007f948c1a2000 Implicit null exception at 0x00007f947d2c8190 to 0x00007f947d2ca701
Event: 1.010 Thread 0x00007f948c19d000 Implicit null exception at 0x00007f947d390ecd to 0x00007f947d3910a9
Event: 1.601 Thread 0x00007f948c1a4000 Exception <a 'java/lang/ArrayIndexOutOfBoundsException': 18> (0x00000000eb4d8b98) thrown at [/ssd/Android/AOSP-openjdk/external/jetbrains/jdk/hotspot/src/share/vm/interpreter/interpreterRuntime.cpp, line 366]
Event: 1.601 Thread 0x00007f948c1a4000 Exception <a 'java/lang/ArrayIndexOutOfBoundsException': 145> (0x00000000eb4da718) thrown at [/ssd/Android/AOSP-openjdk/external/jetbrains/jdk/hotspot/src/share/vm/interpreter/interpreterRuntime.cpp, line 366]
Event: 1.602 Thread 0x00007f948c1a4000 Exception <a 'java/lang/ArrayIndexOutOfBoundsException'> (0x00000000eb4dba00) thrown at [/ssd/Android/AOSP-openjdk/external/jetbrains/jdk/hotspot/src/share/vm/runtime/sharedRuntime.cpp, line 605]

Events (10 events):
Event: 4.948 Thread 0x00007f948c1a2000 DEOPT UNPACKING pc=0x00007f947d047373 sp=0x00007f946fffdbf0 mode 0
Event: 4.956 Thread 0x00007f948c1a0800 DEOPT PACKING pc=0x00007f947d3990e8 sp=0x00007f94741d81b0
Event: 4.956 Thread 0x00007f948c1a0800 DEOPT UNPACKING pc=0x00007f947d047373 sp=0x00007f94741d7f18 mode 0
Event: 4.970 Thread 0x00007f948c1a0800 DEOPT PACKING pc=0x00007f947d3e5fec sp=0x00007f94741d8210
Event: 4.970 Thread 0x00007f948c1a0800 DEOPT UNPACKING pc=0x00007f947d047373 sp=0x00007f94741d7f10 mode 0
Event: 4.977 Thread 0x00007f948c1a4000 DEOPT PACKING pc=0x00007f947d4fb649 sp=0x00007f946fefd120
Event: 4.977 Thread 0x00007f948c1a4000 DEOPT UNPACKING pc=0x00007f947d047373 sp=0x00007f946fefced0 mode 0
Event: 4.979 Thread 0x00007f948c1a2000 DEOPT PACKING pc=0x00007f947d47e149 sp=0x00007f946fffe110
Event: 4.979 Thread 0x00007f948c1a2000 DEOPT UNPACKING pc=0x00007f947d047373 sp=0x00007f946fffdf60 mode 0
Event: 4.980 Executing VM operation: ParallelGCFailedAllocation


Dynamic libraries:
00400000-00401000 r-xp 00000000 08:06 2891934                            /home/trtcpu007/Softwares/android-studio/jre/bin/java
00600000-00601000 r--p 00000000 08:06 2891934                            /home/trtcpu007/Softwares/android-studio/jre/bin/java
00601000-00602000 rw-p 00001000 08:06 2891934                            /home/trtcpu007/Softwares/android-studio/jre/bin/java
014ed000-0150e000 rw-p 00000000 00:00 0                                  [heap]
c0000000-c9780000 rw-p 00000000 00:00 0 
cff00000-eab00000 ---p 00000000 00:00 0 
eab00000-100000000 rw-p 00000000 00:00 0 
100000000-1000a0000 rw-p 00000000 00:00 0 
1000a0000-140000000 ---p 00000000 00:00 0 
7f9428000000-7f9428025000 rw-p 00000000 00:00 0 
7f9428025000-7f942c000000 ---p 00000000 00:00 0 
7f9430000000-7f9430021000 rw-p 00000000 00:00 0 
7f9430021000-7f9434000000 ---p 00000000 00:00 0 
7f9434000000-7f9434021000 rw-p 00000000 00:00 0 
7f9434021000-7f9438000000 ---p 00000000 00:00 0 
7f9438000000-7f9438040000 rw-p 00000000 00:00 0 
7f9438040000-7f943c000000 ---p 00000000 00:00 0 
7f943c000000-7f943c021000 rw-p 00000000 00:00 0 
7f943c021000-7f9440000000 ---p 00000000 00:00 0 
7f9440000000-7f9440021000 rw-p 00000000 00:00 0 
7f9440021000-7f9444000000 ---p 00000000 00:00 0 
7f9444000000-7f9444021000 rw-p 00000000 00:00 0 
7f9444021000-7f9448000000 ---p 00000000 00:00 0 
7f9448000000-7f9448d2e000 rw-p 00000000 00:00 0 
7f9448d2e000-7f944c000000 ---p 00000000 00:00 0 
7f944c000000-7f944c859000 rw-p 00000000 00:00 0 
7f944c859000-7f9450000000 ---p 00000000 00:00 0 
7f9450000000-7f9450021000 rw-p 00000000 00:00 0 
7f9450021000-7f9454000000 ---p 00000000 00:00 0 
7f9454000000-7f945507c000 rw-p 00000000 00:00 0 
7f945507c000-7f9458000000 ---p 00000000 00:00 0 
7f9458000000-7f9458021000 rw-p 00000000 00:00 0 
7f9458021000-7f945c000000 ---p 00000000 00:00 0 
7f945c000000-7f945c021000 rw-p 00000000 00:00 0 
7f945c021000-7f9460000000 ---p 00000000 00:00 0 
7f9460000000-7f9460021000 rw-p 00000000 00:00 0 
7f9460021000-7f9464000000 ---p 00000000 00:00 0 
7f9464000000-7f94642c6000 rw-p 00000000 00:00 0 
7f94642c6000-7f9468000000 ---p 00000000 00:00 0 
7f9468000000-7f9468021000 rw-p 00000000 00:00 0 
7f9468021000-7f946c000000 ---p 00000000 00:00 0 
7f946fdfe000-7f946fe01000 ---p 00000000 00:00 0 
7f946fe01000-7f946feff000 rw-p 00000000 00:00 0 
7f946feff000-7f946ff02000 ---p 00000000 00:00 0 
7f946ff02000-7f9470000000 rw-p 00000000 00:00 0 
7f9470000000-7f9470021000 rw-p 00000000 00:00 0 
7f9470021000-7f9474000000 ---p 00000000 00:00 0 
7f94740d9000-7f94740dc000 ---p 00000000 00:00 0 
7f94740dc000-7f94741da000 rw-p 00000000 00:00 0 
7f94741da000-7f94741dd000 ---p 00000000 00:00 0 
7f94741dd000-7f94742db000 rw-p 00000000 00:00 0 
7f94742db000-7f94742de000 ---p 00000000 00:00 0 
7f94742de000-7f94743dc000 rw-p 00000000 00:00 0 
7f94743dc000-7f947442f000 r--s 00421000 08:06 17568664                   /home/trtcpu007/TRT_Projects/NUVO/Source/Nuvo_20160808/app/build/intermediates/transforms/jarMerging/debug/jars/1/1f/combined.jar
7f947442f000-7f9474430000 ---p 00000000 00:00 0 
7f9474430000-7f9474530000 rw-p 00000000 00:00 0 
7f9474530000-7f9474533000 ---p 00000000 00:00 0 
7f9474533000-7f9474631000 rw-p 00000000 00:00 0 
7f9474631000-7f9474634000 ---p 00000000 00:00 0 
7f9474634000-7f9474732000 rw-p 00000000 00:00 0 
7f9474732000-7f9474735000 ---p 00000000 00:00 0 
7f9474735000-7f9474833000 rw-p 00000000 00:00 0 
7f9474833000-7f9474836000 ---p 00000000 00:00 0 
7f9474836000-7f9474934000 rw-p 00000000 00:00 0 
7f9474934000-7f9474937000 ---p 00000000 00:00 0 
7f9474937000-7f9474a35000 rw-p 00000000 00:00 0 
7f9474a35000-7f94753f4000 r--p 00000000 08:05 9151                       /usr/lib/locale/locale-archive
7f94753f4000-7f94753f7000 ---p 00000000 00:00 0 
7f94753f7000-7f94754f5000 rw-p 00000000 00:00 0 
7f94754f5000-7f94754f8000 ---p 00000000 00:00 0 
7f94754f8000-7f94755f6000 rw-p 00000000 00:00 0 
7f94755f6000-7f94755f7000 ---p 00000000 00:00 0 
7f94755f7000-7f9478000000 rw-p 00000000 00:00 0 
7f9478000000-7f9478028000 rw-p 00000000 00:00 0 
7f9478028000-7f947c000000 ---p 00000000 00:00 0 
7f947c02d000-7f947c633000 rw-p 00000000 00:00 0 
7f947c633000-7f947c800000 r--s 03bec000 08:06 2891970                    /home/trtcpu007/Softwares/android-studio/jre/jre/lib/rt.jar
7f947c800000-7f947cec0000 rw-p 00000000 00:00 0 
7f947cec0000-7f947d000000 ---p 00000000 00:00 0 
7f947d000000-7f947da40000 rwxp 00000000 00:00 0 
7f947da40000-7f948c000000 ---p 00000000 00:00 0 
7f948c000000-7f948c39d000 rw-p 00000000 00:00 0 
7f948c39d000-7f9490000000 ---p 00000000 00:00 0 
7f9490027000-7f949034d000 rw-p 00000000 00:00 0 
7f949034d000-7f949034e000 ---p 00000000 00:00 0 
7f949034e000-7f949044e000 rw-p 00000000 00:00 0 
7f949044e000-7f949044f000 ---p 00000000 00:00 0 
7f949044f000-7f949054f000 rw-p 00000000 00:00 0 
7f949054f000-7f9490550000 ---p 00000000 00:00 0 
7f9490550000-7f9490650000 rw-p 00000000 00:00 0 
7f9490650000-7f9490651000 ---p 00000000 00:00 0 
7f9490651000-7f949079d000 rw-p 00000000 00:00 0 
7f949079d000-7f94908a7000 ---p 00000000 00:00 0 
7f94908a7000-7f94908f3000 rw-p 00000000 00:00 0 
7f94908f3000-7f94909fc000 ---p 00000000 00:00 0 
7f94909fc000-7f9490aa7000 rw-p 00000000 00:00 0 
7f9490aa7000-7f9490ad1000 rw-p 00000000 00:00 0 
7f9490ad1000-7f9490e68000 ---p 00000000 00:00 0 
7f9490e68000-7f9490e82000 r-xp 00000000 08:06 3286689                    /home/trtcpu007/Softwares/android-studio/jre/jre/lib/amd64/libzip.so
7f9490e82000-7f9491082000 ---p 0001a000 08:06 3286689                    /home/trtcpu007/Softwares/android-studio/jre/jre/lib/amd64/libzip.so
7f9491082000-7f9491083000 r--p 0001a000 08:06 3286689                    /home/trtcpu007/Softwares/android-studio/jre/jre/lib/amd64/libzip.so
7f9491083000-7f9491084000 rw-p 0001b000 08:06 3286689                    /home/trtcpu007/Softwares/android-studio/jre/jre/lib/amd64/libzip.so
7f9491084000-7f949108f000 r-xp 00000000 08:05 660792                     /lib/x86_64-linux-gnu/libnss_files-2.23.so
7f949108f000-7f949128e000 ---p 0000b000 08:05 660792                     /lib/x86_64-linux-gnu/libnss_files-2.23.so
7f949128e000-7f949128f000 r--p 0000a000 08:05 660792                     /lib/x86_64-linux-gnu/libnss_files-2.23.so
7f949128f000-7f9491290000 rw-p 0000b000 08:05 660792                     /lib/x86_64-linux-gnu/libnss_files-2.23.so
7f9491290000-7f9491296000 rw-p 00000000 00:00 0 
7f9491296000-7f94912a1000 r-xp 00000000 08:05 660802                     /lib/x86_64-linux-gnu/libnss_nis-2.23.so
7f94912a1000-7f94914a0000 ---p 0000b000 08:05 660802                     /lib/x86_64-linux-gnu/libnss_nis-2.23.so
7f94914a0000-7f94914a1000 r--p 0000a000 08:05 660802                     /lib/x86_64-linux-gnu/libnss_nis-2.23.so
7f94914a1000-7f94914a2000 rw-p 0000b000 08:05 660802                     /lib/x86_64-linux-gnu/libnss_nis-2.23.so
7f94914a2000-7f94914b8000 r-xp 00000000 08:05 660786                     /lib/x86_64-linux-gnu/libnsl-2.23.so
7f94914b8000-7f94916b7000 ---p 00016000 08:05 660786                     /lib/x86_64-linux-gnu/libnsl-2.23.so
7f94916b7000-7f94916b8000 r--p 00015000 08:05 660786                     /lib/x86_64-linux-gnu/libnsl-2.23.so
7f94916b8000-7f94916b9000 rw-p 00016000 08:05 660786                     /lib/x86_64-linux-gnu/libnsl-2.23.so
7f94916b9000-7f94916bb000 rw-p 00000000 00:00 0 
7f94916bb000-7f94916c3000 r-xp 00000000 08:05 660788                     /lib/x86_64-linux-gnu/libnss_compat-2.23.so
7f94916c3000-7f94918c2000 ---p 00008000 08:05 660788                     /lib/x86_64-linux-gnu/libnss_compat-2.23.so
7f94918c2000-7f94918c3000 r--p 00007000 08:05 660788                     /lib/x86_64-linux-gnu/libnss_compat-2.23.so
7f94918c3000-7f94918c4000 rw-p 00008000 08:05 660788                     /lib/x86_64-linux-gnu/libnss_compat-2.23.so
7f94918c4000-7f94918f1000 r-xp 00000000 08:06 3286699                    /home/trtcpu007/Softwares/android-studio/jre/jre/lib/amd64/libjava.so
7f94918f1000-7f9491af0000 ---p 0002d000 08:06 3286699                    /home/trtcpu007/Softwares/android-studio/jre/jre/lib/amd64/libjava.so
7f9491af0000-7f9491af1000 r--p 0002c000 08:06 3286699                    /home/trtcpu007/Softwares/android-studio/jre/jre/lib/amd64/libjava.so
7f9491af1000-7f9491af3000 rw-p 0002d000 08:06 3286699                    /home/trtcpu007/Softwares/android-studio/jre/jre/lib/amd64/libjava.so
7f9491af3000-7f9491b03000 r-xp 00000000 08:06 3286715                    /home/trtcpu007/Softwares/android-studio/jre/jre/lib/amd64/libverify.so
7f9491b03000-7f9491d02000 ---p 00010000 08:06 3286715                    /home/trtcpu007/Softwares/android-studio/jre/jre/lib/amd64/libverify.so
7f9491d02000-7f9491d04000 r--p 0000f000 08:06 3286715                    /home/trtcpu007/Softwares/android-studio/jre/jre/lib/amd64/libverify.so
7f9491d04000-7f9491d05000 rw-p 00011000 08:06 3286715                    /home/trtcpu007/Softwares/android-studio/jre/jre/lib/amd64/libverify.so
7f9491d05000-7f9491d0c000 r-xp 00000000 08:05 660847                     /lib/x86_64-linux-gnu/librt-2.23.so
7f9491d0c000-7f9491f0b000 ---p 00007000 08:05 660847                     /lib/x86_64-linux-gnu/librt-2.23.so
7f9491f0b000-7f9491f0c000 r--p 00006000 08:05 660847                     /lib/x86_64-linux-gnu/librt-2.23.so
7f9491f0c000-7f9491f0d000 rw-p 00007000 08:05 660847                     /lib/x86_64-linux-gnu/librt-2.23.so
7f9491f0d000-7f9492015000 r-xp 00000000 08:05 660763                     /lib/x86_64-linux-gnu/libm-2.23.so
7f9492015000-7f9492214000 ---p 00108000 08:05 660763                     /lib/x86_64-linux-gnu/libm-2.23.so
7f9492214000-7f9492215000 r--p 00107000 08:05 660763                     /lib/x86_64-linux-gnu/libm-2.23.so
7f9492215000-7f9492216000 rw-p 00108000 08:05 660763                     /lib/x86_64-linux-gnu/libm-2.23.so
7f9492216000-7f9492dfc000 r-xp 00000000 08:06 3416762                    /home/trtcpu007/Softwares/android-studio/jre/jre/lib/amd64/server/libjvm.so
7f9492dfc000-7f9492ffc000 ---p 00be6000 08:06 3416762                    /home/trtcpu007/Softwares/android-studio/jre/jre/lib/amd64/server/libjvm.so
7f9492ffc000-7f949309b000 r--p 00be6000 08:06 3416762                    /home/trtcpu007/Softwares/android-studio/jre/jre/lib/amd64/server/libjvm.so
7f949309b000-7f94930c4000 rw-p 00c85000 08:06 3416762                    /home/trtcpu007/Softwares/android-studio/jre/jre/lib/amd64/server/libjvm.so
7f94930c4000-7f9493106000 rw-p 00000000 00:00 0 
7f9493106000-7f949311e000 r-xp 00000000 08:05 660839                     /lib/x86_64-linux-gnu/libpthread-2.23.so
7f949311e000-7f949331d000 ---p 00018000 08:05 660839                     /lib/x86_64-linux-gnu/libpthread-2.23.so
7f949331d000-7f949331e000 r--p 00017000 08:05 660839                     /lib/x86_64-linux-gnu/libpthread-2.23.so
7f949331e000-7f949331f000 rw-p 00018000 08:05 660839                     /lib/x86_64-linux-gnu/libpthread-2.23.so
7f949331f000-7f9493323000 rw-p 00000000 00:00 0 
7f9493323000-7f9493326000 r-xp 00000000 08:05 660717                     /lib/x86_64-linux-gnu/libdl-2.23.so
7f9493326000-7f9493525000 ---p 00003000 08:05 660717                     /lib/x86_64-linux-gnu/libdl-2.23.so
7f9493525000-7f9493526000 r--p 00002000 08:05 660717                     /lib/x86_64-linux-gnu/libdl-2.23.so
7f9493526000-7f9493527000 rw-p 00003000 08:05 660717                     /lib/x86_64-linux-gnu/libdl-2.23.so
7f9493527000-7f94936e7000 r-xp 00000000 08:05 660693                     /lib/x86_64-linux-gnu/libc-2.23.so
7f94936e7000-7f94938e6000 ---p 001c0000 08:05 660693                     /lib/x86_64-linux-gnu/libc-2.23.so
7f94938e6000-7f94938ea000 r--p 001bf000 08:05 660693                     /lib/x86_64-linux-gnu/libc-2.23.so
7f94938ea000-7f94938ec000 rw-p 001c3000 08:05 660693                     /lib/x86_64-linux-gnu/libc-2.23.so
7f94938ec000-7f94938f0000 rw-p 00000000 00:00 0 
7f94938f0000-7f9493906000 r-xp 00000000 08:06 2891910                    /home/trtcpu007/Softwares/android-studio/jre/lib/amd64/jli/libjli.so
7f9493906000-7f9493b05000 ---p 00016000 08:06 2891910                    /home/trtcpu007/Softwares/android-studio/jre/lib/amd64/jli/libjli.so
7f9493b05000-7f9493b06000 r--p 00015000 08:06 2891910                    /home/trtcpu007/Softwares/android-studio/jre/lib/amd64/jli/libjli.so
7f9493b06000-7f9493b07000 rw-p 00016000 08:06 2891910                    /home/trtcpu007/Softwares/android-studio/jre/lib/amd64/jli/libjli.so
7f9493b07000-7f9493b2d000 r-xp 00000000 08:05 660665                     /lib/x86_64-linux-gnu/ld-2.23.so
7f9493b33000-7f9493c0c000 rw-p 00000000 00:00 0 
7f9493c0c000-7f9493c0f000 ---p 00000000 00:00 0 
7f9493c0f000-7f9493d11000 rw-p 00000000 00:00 0 
7f9493d11000-7f9493d20000 r--s 000df000 08:06 2363327                    /home/trtcpu007/Android/Sdk/build-tools/23.0.3/lib/dx.jar
7f9493d20000-7f9493d28000 rw-s 00000000 08:05 831348                     /tmp/hsperfdata_trtcpu007/12140
7f9493d28000-7f9493d29000 rw-p 00000000 00:00 0 
7f9493d29000-7f9493d2a000 ---p 00000000 00:00 0 
7f9493d2a000-7f9493d2c000 rw-p 00000000 00:00 0 
7f9493d2c000-7f9493d2d000 r--p 00025000 08:05 660665                     /lib/x86_64-linux-gnu/ld-2.23.so
7f9493d2d000-7f9493d2e000 rw-p 00026000 08:05 660665                     /lib/x86_64-linux-gnu/ld-2.23.so
7f9493d2e000-7f9493d2f000 rw-p 00000000 00:00 0 
7ffdca80e000-7ffdca830000 rw-p 00000000 00:00 0                          [stack]
7ffdca96d000-7ffdca96f000 r--p 00000000 00:00 0                          [vvar]
7ffdca96f000-7ffdca971000 r-xp 00000000 00:00 0                          [vdso]
ffffffffff600000-ffffffffff601000 r-xp 00000000 00:00 0                  [vsyscall]

VM Arguments:
jvm_args: -Djava.awt.headless=true -Xmx1024M -Dfile.encoding=UTF-8 -Duser.country=IN -Duser.language=en -Duser.variant 
java_command: com.android.dx.command.Main --dex --num-threads=4 --multi-dex --main-dex-list /home/trtcpu007/TRT_Projects/NUVO/Source/Nuvo_20160808/app/build/intermediates/multi-dex/debug/maindexlist.txt --output /home/trtcpu007/TRT_Projects/NUVO/Source/Nuvo_20160808/app/build/intermediates/transforms/dex/debug/folders/1000/1f/main /home/trtcpu007/TRT_Projects/NUVO/Source/Nuvo_20160808/app/build/intermediates/transforms/jarMerging/debug/jars/1/1f/combined.jar
java_class_path (initial): /home/trtcpu007/Android/Sdk/build-tools/23.0.3/lib/dx.jar
Launcher Type: SUN_STANDARD

Environment Variables:
PATH=/usr/local/sbin:/usr/local/bin:/usr/sbin:/usr/bin:/sbin:/bin:/usr/games:/usr/local/games:/snap/bin
LD_LIBRARY_PATH=.:
SHELL=/bin/bash
DISPLAY=:0

Signal Handlers:
SIGSEGV: [libjvm.so+0x9daac0], sa_mask[0]=11111111011111111101111111111110, sa_flags=SA_RESTART|SA_SIGINFO
SIGBUS: [libjvm.so+0x9daac0], sa_mask[0]=11111111011111111101111111111110, sa_flags=SA_RESTART|SA_SIGINFO
SIGFPE: [libjvm.so+0x840d90], sa_mask[0]=11111111011111111101111111111110, sa_flags=SA_RESTART|SA_SIGINFO
SIGPIPE: [libjvm.so+0x840d90], sa_mask[0]=11111111011111111101111111111110, sa_flags=SA_RESTART|SA_SIGINFO
SIGXFSZ: [libjvm.so+0x840d90], sa_mask[0]=11111111011111111101111111111110, sa_flags=SA_RESTART|SA_SIGINFO
SIGILL: [libjvm.so+0x840d90], sa_mask[0]=11111111011111111101111111111110, sa_flags=SA_RESTART|SA_SIGINFO
SIGUSR1: SIG_DFL, sa_mask[0]=00000000000000000000000000000000, sa_flags=none
SIGUSR2: [libjvm.so+0x840c60], sa_mask[0]=00100000000000000000000000000000, sa_flags=SA_RESTART|SA_SIGINFO
SIGHUP: [libjvm.so+0x840e50], sa_mask[0]=11111111011111111101111111111110, sa_flags=SA_RESTART|SA_SIGINFO
SIGINT: [libjvm.so+0x840e50], sa_mask[0]=11111111011111111101111111111110, sa_flags=SA_RESTART|SA_SIGINFO
SIGTERM: [libjvm.so+0x840e50], sa_mask[0]=11111111011111111101111111111110, sa_flags=SA_RESTART|SA_SIGINFO
SIGQUIT: [libjvm.so+0x840e50], sa_mask[0]=11111111011111111101111111111110, sa_flags=SA_RESTART|SA_SIGINFO


---------------  S Y S T E M  ---------------

OS:DISTRIB_ID=Ubuntu
DISTRIB_RELEASE=16.04
DISTRIB_CODENAME=xenial
DISTRIB_DESCRIPTION="Ubuntu 16.04 LTS"

uname:Linux 4.4.0-31-generic #50-Ubuntu SMP Wed Jul 13 00:07:12 UTC 2016 x86_64
libc:glibc 2.23 NPTL 2.23 
rlimit: STACK 8192k, CORE 0k, NPROC 31269, NOFILE 65536, AS infinity
load average:1.83 1.25 1.16

/proc/meminfo:
MemTotal:        8043556 kB
MemFree:          130780 kB
MemAvailable:      39848 kB
Buffers:            2424 kB
Cached:           362008 kB
SwapCached:        26048 kB
Active:          6382392 kB
Inactive:        1358140 kB
Active(anon):    6361416 kB
Inactive(anon):  1331600 kB
Active(file):      20976 kB
Inactive(file):    26540 kB
Unevictable:          16 kB
Mlocked:              16 kB
SwapTotal:        496636 kB
SwapFree:              0 kB
Dirty:              8444 kB
Writeback:             0 kB
AnonPages:       7350708 kB
Mapped:           135172 kB
Shmem:            316284 kB
Slab:              77556 kB
SReclaimable:      40552 kB
SUnreclaim:        37004 kB
KernelStack:        9984 kB
PageTables:        46556 kB
NFS_Unstable:          0 kB
Bounce:                0 kB
WritebackTmp:          0 kB
CommitLimit:     4518412 kB
Committed_AS:   11548768 kB
VmallocTotal:   34359738367 kB
VmallocUsed:           0 kB
VmallocChunk:          0 kB
HardwareCorrupted:     0 kB
AnonHugePages:   4395008 kB
CmaTotal:              0 kB
CmaFree:               0 kB
HugePages_Total:       0
HugePages_Free:        0
HugePages_Rsvd:        0
HugePages_Surp:        0
Hugepagesize:       2048 kB
DirectMap4k:      157096 kB
DirectMap2M:     6002688 kB
DirectMap1G:     3145728 kB


CPU:total 4 (4 cores per cpu, 1 threads per core) family 6 model 60 stepping 3, cmov, cx8, fxsr, mmx, sse, sse2, sse3, ssse3, sse4.1, sse4.2, popcnt, avx, avx2, aes, clmul, erms, lzcnt, tsc, tscinvbit, bmi1, bmi2

/proc/cpuinfo:
processor	: 0
vendor_id	: GenuineIntel
cpu family	: 6
model		: 60
model name	: Intel(R) Core(TM) i5-4440S CPU @ 2.80GHz
stepping	: 3
microcode	: 0x1e
cpu MHz		: 2800.000
cache size	: 6144 KB
physical id	: 0
siblings	: 4
core id		: 0
cpu cores	: 4
apicid		: 0
initial apicid	: 0
fpu		: yes
fpu_exception	: yes
cpuid level	: 13
wp		: yes
flags		: fpu vme de pse tsc msr pae mce cx8 apic sep mtrr pge mca cmov pat pse36 clflush dts acpi mmx fxsr sse sse2 ss ht tm pbe syscall nx pdpe1gb rdtscp lm constant_tsc arch_perfmon pebs bts rep_good nopl xtopology nonstop_tsc aperfmperf eagerfpu pni pclmulqdq dtes64 monitor ds_cpl vmx est tm2 ssse3 sdbg fma cx16 xtpr pdcm pcid sse4_1 sse4_2 x2apic movbe popcnt tsc_deadline_timer aes xsave avx f16c rdrand lahf_lm abm epb tpr_shadow vnmi flexpriority ept vpid fsgsbase tsc_adjust bmi1 avx2 smep bmi2 erms invpcid xsaveopt dtherm ida arat pln pts
bugs		:
bogomips	: 5586.75
clflush size	: 64
cache_alignment	: 64
address sizes	: 39 bits physical, 48 bits virtual
power management:

processor	: 1
vendor_id	: GenuineIntel
cpu family	: 6
model		: 60
model name	: Intel(R) Core(TM) i5-4440S CPU @ 2.80GHz
stepping	: 3
microcode	: 0x1e
cpu MHz		: 2800.000
cache size	: 6144 KB
physical id	: 0
siblings	: 4
core id		: 1
cpu cores	: 4
apicid		: 2
initial apicid	: 2
fpu		: yes
fpu_exception	: yes
cpuid level	: 13
wp		: yes
flags		: fpu vme de pse tsc msr pae mce cx8 apic sep mtrr pge mca cmov pat pse36 clflush dts acpi mmx fxsr sse sse2 ss ht tm pbe syscall nx pdpe1gb rdtscp lm constant_tsc arch_perfmon pebs bts rep_good nopl xtopology nonstop_tsc aperfmperf eagerfpu pni pclmulqdq dtes64 monitor ds_cpl vmx est tm2 ssse3 sdbg fma cx16 xtpr pdcm pcid sse4_1 sse4_2 x2apic movbe popcnt tsc_deadline_timer aes xsave avx f16c rdrand lahf_lm abm epb tpr_shadow vnmi flexpriority ept vpid fsgsbase tsc_adjust bmi1 avx2 smep bmi2 erms invpcid xsaveopt dtherm ida arat pln pts
bugs		:
bogomips	: 5586.75
clflush size	: 64
cache_alignment	: 64
address sizes	: 39 bits physical, 48 bits virtual
power management:

processor	: 2
vendor_id	: GenuineIntel
cpu family	: 6
model		: 60
model name	: Intel(R) Core(TM) i5-4440S CPU @ 2.80GHz
stepping	: 3
microcode	: 0x1e
cpu MHz		: 2832.046
cache size	: 6144 KB
physical id	: 0
siblings	: 4
core id		: 2
cpu cores	: 4
apicid		: 4
initial apicid	: 4
fpu		: yes
fpu_exception	: yes
cpuid level	: 13
wp		: yes
flags		: fpu vme de pse tsc msr pae mce cx8 apic sep mtrr pge mca cmov pat pse36 clflush dts acpi mmx fxsr sse sse2 ss ht tm pbe syscall nx pdpe1gb rdtscp lm constant_tsc arch_perfmon pebs bts rep_good nopl xtopology nonstop_tsc aperfmperf eagerfpu pni pclmulqdq dtes64 monitor ds_cpl vmx est tm2 ssse3 sdbg fma cx16 xtpr pdcm pcid sse4_1 sse4_2 x2apic movbe popcnt tsc_deadline_timer aes xsave avx f16c rdrand lahf_lm abm epb tpr_shadow vnmi flexpriority ept vpid fsgsbase tsc_adjust bmi1 avx2 smep bmi2 erms invpcid xsaveopt dtherm ida arat pln pts
bugs		:
bogomips	: 5586.75
clflush size	: 64
cache_alignment	: 64
address sizes	: 39 bits physical, 48 bits virtual
power management:

processor	: 3
vendor_id	: GenuineIntel
cpu family	: 6
model		: 60
model name	: Intel(R) Core(TM) i5-4440S CPU @ 2.80GHz
stepping	: 3
microcode	: 0x1e
cpu MHz		: 2760.953
cache size	: 6144 KB
physical id	: 0
siblings	: 4
core id		: 3
cpu cores	: 4
apicid		: 6
initial apicid	: 6
fpu		: yes
fpu_exception	: yes
cpuid level	: 13
wp		: yes
flags		: fpu vme de pse tsc msr pae mce cx8 apic sep mtrr pge mca cmov pat pse36 clflush dts acpi mmx fxsr sse sse2 ss ht tm pbe syscall nx pdpe1gb rdtscp lm constant_tsc arch_perfmon pebs bts rep_good nopl xtopology nonstop_tsc aperfmperf eagerfpu pni pclmulqdq dtes64 monitor ds_cpl vmx est tm2 ssse3 sdbg fma cx16 xtpr pdcm pcid sse4_1 sse4_2 x2apic movbe popcnt tsc_deadline_timer aes xsave avx f16c rdrand lahf_lm abm epb tpr_shadow vnmi flexpriority ept vpid fsgsbase tsc_adjust bmi1 avx2 smep bmi2 erms invpcid xsaveopt dtherm ida arat pln pts
bugs		:
bogomips	: 5586.75
clflush size	: 64
cache_alignment	: 64
address sizes	: 39 bits physical, 48 bits virtual
power management:



Memory: 4k page, physical 8043556k(130780k free), swap 496636k(0k free)

vm_info: OpenJDK 64-Bit Server VM (25.76-b01) for linux-amd64 JRE (1.8.0_76-release-b01), built on May 12 2016 15:32:38 by "ralucas" with gcc 4.8.4

time: Wed Aug 10 20:19:35 2016
elapsed time: 7 seconds (0d 0h 0m 7s)

