#
# There is insufficient memory for the Java Runtime Environment to continue.
# Native memory allocation (mmap) failed to map 143130624 bytes for committing reserved memory.
# Possible reasons:
#   The system is out of physical RAM or swap space
#   In 32 bit mode, the process size limit was hit
# Possible solutions:
#   Reduce memory load on the system
#   Increase physical memory or swap space
#   Check if swap backing store is full
#   Use 64 bit Java on a 64 bit OS
#   Decrease Java heap size (-Xmx/-Xms)
#   Decrease number of Java threads
#   Decrease Java thread stack sizes (-Xss)
#   Set larger code cache with -XX:ReservedCodeCacheSize=
# This output file may be truncated or incomplete.
#
#  Out of Memory Error (os_linux.cpp:2627), pid=8136, tid=0x00007f2051bfb700
#
# JRE version: OpenJDK Runtime Environment (8.0_76-b01) (build 1.8.0_76-release-b01)
# Java VM: OpenJDK 64-Bit Server VM (25.76-b01 mixed mode linux-amd64 compressed oops)
# Failed to write core dump. Core dumps have been disabled. To enable core dumping, try "ulimit -c unlimited" before starting Java again
#

---------------  T H R E A D  ---------------

Current thread (0x00007f2068077800):  VMThread [stack: 0x00007f2051afb000,0x00007f2051bfc000] [id=8145]

Stack: [0x00007f2051afb000,0x00007f2051bfc000],  sp=0x00007f2051bfa4d0,  free space=1021k
Native frames: (J=compiled Java code, j=interpreted, Vv=VM code, C=native code)
V  [libjvm.so+0x9d9fcd]  VMError::report_and_die()+0x15d
V  [libjvm.so+0x4b4d4a]  report_vm_out_of_memory(char const*, int, unsigned long, VMErrorType, char const*)+0x8a
V  [libjvm.so+0x845190]  os::pd_commit_memory(char*, unsigned long, unsigned long, bool)+0xf0
V  [libjvm.so+0x83fcbf]  os::commit_memory(char*, unsigned long, unsigned long, bool)+0x1f
V  [libjvm.so+0x8b4d9b]  PSVirtualSpace::expand_by(unsigned long)+0x5b
V  [libjvm.so+0x8a5b7b]  PSOldGen::expand_by(unsigned long) [clone .part.109]+0x1b
V  [libjvm.so+0x8a5d3b]  PSOldGen::expand(unsigned long) [clone .part.111]+0xdb
V  [libjvm.so+0x8a6618]  PSOldGen::resize(unsigned long)+0x188
V  [libjvm.so+0x8abc2c]  PSParallelCompact::invoke_no_policy(bool)+0x97c
V  [libjvm.so+0x8b2d3d]  PSScavenge::invoke()+0x17d
V  [libjvm.so+0x8681f3]  ParallelScavengeHeap::failed_mem_allocate(unsigned long)+0x63
V  [libjvm.so+0x9dba94]  VM_ParallelGCFailedAllocation::doit()+0x84
V  [libjvm.so+0x9dfe47]  VM_Operation::evaluate()+0x47
V  [libjvm.so+0x9de908]  VMThread::evaluate_operation(VM_Operation*)+0x2c8
V  [libjvm.so+0x9ded89]  VMThread::loop()+0x219
V  [libjvm.so+0x9df1d2]  VMThread::run()+0x72
V  [libjvm.so+0x8425b2]  java_start(Thread*)+0xf2

VM_Operation (0x00007f205052dee0): ParallelGCFailedAllocation, mode: safepoint, requested by thread 0x00007f206819b800


---------------  P R O C E S S  ---------------

Java Threads: ( => current thread )
  0x00007f206819b800 JavaThread "pool-2-thread-4" [_thread_blocked, id=8158, stack(0x00007f205042f000,0x00007f2050530000)]
  0x00007f2068199800 JavaThread "pool-2-thread-3" [_thread_blocked, id=8157, stack(0x00007f2050530000,0x00007f2050631000)]
  0x00007f2068198000 JavaThread "pool-2-thread-2" [_thread_blocked, id=8156, stack(0x00007f2050631000,0x00007f2050732000)]
  0x00007f2068197000 JavaThread "pool-3-thread-1" [_thread_blocked, id=8155, stack(0x00007f2050732000,0x00007f2050833000)]
  0x00007f2068194800 JavaThread "pool-2-thread-1" [_thread_blocked, id=8154, stack(0x00007f2050833000,0x00007f2050934000)]
  0x00007f20680c8000 JavaThread "Service Thread" daemon [_thread_blocked, id=8152, stack(0x00007f2050a35000,0x00007f2050b36000)]
  0x00007f20680bc800 JavaThread "C1 CompilerThread2" daemon [_thread_blocked, id=8151, stack(0x00007f2050b36000,0x00007f2050c37000)]
  0x00007f20680bb000 JavaThread "C2 CompilerThread1" daemon [_thread_blocked, id=8150, stack(0x00007f2050c37000,0x00007f2050d38000)]
  0x00007f20680b8000 JavaThread "C2 CompilerThread0" daemon [_thread_blocked, id=8149, stack(0x00007f2050d38000,0x00007f2050e39000)]
  0x00007f20680b6800 JavaThread "Signal Dispatcher" daemon [_thread_blocked, id=8148, stack(0x00007f2050e39000,0x00007f2050f3a000)]
  0x00007f2068084000 JavaThread "Finalizer" daemon [_thread_blocked, id=8147, stack(0x00007f20518f9000,0x00007f20519fa000)]
  0x00007f206807f800 JavaThread "Reference Handler" daemon [_thread_blocked, id=8146, stack(0x00007f20519fa000,0x00007f2051afb000)]
  0x00007f206800a000 JavaThread "main" [_thread_blocked, id=8140, stack(0x00007f2070186000,0x00007f2070287000)]

Other Threads:
=>0x00007f2068077800 VMThread [stack: 0x00007f2051afb000,0x00007f2051bfc000] [id=8145]
  0x00007f20680ca800 WatcherThread [stack: 0x00007f2050934000,0x00007f2050a35000] [id=8153]

VM state:at safepoint (normal execution)

VM Mutex/Monitor currently owned by a thread:  ([mutex/lock_event])
[0x00007f2068006190] ExpandHeap_lock - owner thread: 0x00007f2068077800
[0x00007f2068006810] Threads_lock - owner thread: 0x00007f2068077800
[0x00007f2068006d10] Heap_lock - owner thread: 0x00007f206819b800

Heap:
 PSYoungGen      total 243200K, used 33940K [0x00000000eab00000, 0x0000000100000000, 0x0000000100000000)
  eden space 163840K, 0% used [0x00000000eab00000,0x00000000eab00000,0x00000000f4b00000)
  from space 79360K, 42% used [0x00000000fb280000,0x00000000fd3a52b0,0x0000000100000000)
  to   space 92672K, 0% used [0x00000000f4b00000,0x00000000f4b00000,0x00000000fa580000)
 ParOldGen       total 280064K, used 280018K [0x00000000c0000000, 0x00000000d1180000, 0x00000000eab00000)
  object space 280064K, 99% used [0x00000000c0000000,0x00000000d1174960,0x00000000d1180000)
 Metaspace       used 6542K, capacity 7280K, committed 7552K, reserved 1056768K
  class space    used 594K, capacity 616K, committed 640K, reserved 1048576K

Card table byte_map: [0x00007f206ce21000,0x00007f206d022000] byte_map_base: 0x00007f206c821000

Marking Bits: (ParMarkBitMap*) 0x00007f206f6531a0
 Begin Bits: [0x00007f2052000000, 0x00007f2053000000)
 End Bits:   [0x00007f2053000000, 0x00007f2054000000)

Polling page: 0x00007f20702a3000

CodeCache: size=245760Kb used=11683Kb max_used=11689Kb free=234076Kb
 bounds [0x00007f2059000000, 0x00007f2059b80000, 0x00007f2068000000]
 total_blobs=2785 nmethods=2517 adapters=182
 compilation: enabled

Compilation events (10 events):
Event: 8.118 Thread 0x00007f20680bb000 nmethod 2567 0x00007f2059b6e750 code [0x00007f2059b6ec20, 0x00007f2059b74f50]
Event: 8.118 Thread 0x00007f20680bb000 2658       4       com.android.dx.ssa.SsaConverter::edgeSplitPredecessors (44 bytes)
Event: 8.126 Thread 0x00007f20680bc800 2697 % !   3       com.android.dx.cf.code.Merger::mergeStack @ 35 (192 bytes)
Event: 8.127 Thread 0x00007f20680bc800 nmethod 2697% 0x00007f205915bfd0 code [0x00007f205915c380, 0x00007f205915e438]
Event: 8.189 Thread 0x00007f20680bb000 nmethod 2658 0x00007f2059b69210 code [0x00007f2059b695a0, 0x00007f2059b6bc98]
Event: 8.189 Thread 0x00007f20680bb000 2699       4       com.android.dx.ssa.LocalVariableExtractor::processBlock (383 bytes)
Event: 8.204 Thread 0x00007f20680bc800 2702       2       java.util.HashMap$TreeNode::rotateRight (91 bytes)
Event: 8.204 Thread 0x00007f20680bc800 nmethod 2702 0x00007f205915ba50 code [0x00007f205915bbc0, 0x00007f205915be10]
Event: 8.211 Thread 0x00007f20680bc800 2703   !   3       com.android.dx.cf.code.Merger::mergeStack (192 bytes)
Event: 8.212 Thread 0x00007f20680bc800 nmethod 2703 0x00007f2059b4bf90 code [0x00007f2059b4c320, 0x00007f2059b4e2f8]

GC Heap History (10 events):
Event: 6.302 GC heap after
Heap after GC invocations=15 (full 2):
 PSYoungGen      total 260608K, used 29814K [0x00000000eab00000, 0x0000000100000000, 0x0000000100000000)
  eden space 199680K, 0% used [0x00000000eab00000,0x00000000eab00000,0x00000000f6e00000)
  from space 60928K, 48% used [0x00000000fc480000,0x00000000fe19dbf0,0x0000000100000000)
  to   space 74752K, 0% used [0x00000000f6e00000,0x00000000f6e00000,0x00000000fb700000)
 ParOldGen       total 280064K, used 178120K [0x00000000c0000000, 0x00000000d1180000, 0x00000000eab00000)
  object space 280064K, 63% used [0x00000000c0000000,0x00000000cadf2230,0x00000000d1180000)
 Metaspace       used 6514K, capacity 7280K, committed 7552K, reserved 1056768K
  class space    used 593K, capacity 616K, committed 640K, reserved 1048576K
}
Event: 6.727 GC heap before
{Heap before GC invocations=16 (full 2):
 PSYoungGen      total 260608K, used 229494K [0x00000000eab00000, 0x0000000100000000, 0x0000000100000000)
  eden space 199680K, 100% used [0x00000000eab00000,0x00000000f6e00000,0x00000000f6e00000)
  from space 60928K, 48% used [0x00000000fc480000,0x00000000fe19dbf0,0x0000000100000000)
  to   space 74752K, 0% used [0x00000000f6e00000,0x00000000f6e00000,0x00000000fb700000)
 ParOldGen       total 280064K, used 178120K [0x00000000c0000000, 0x00000000d1180000, 0x00000000eab00000)
  object space 280064K, 63% used [0x00000000c0000000,0x00000000cadf2230,0x00000000d1180000)
 Metaspace       used 6526K, capacity 7280K, committed 7552K, reserved 1056768K
  class space    used 593K, capacity 616K, committed 640K, reserved 1048576K
Event: 6.849 GC heap after
Heap after GC invocations=16 (full 2):
 PSYoungGen      total 274432K, used 32070K [0x00000000eab00000, 0x0000000100000000, 0x0000000100000000)
  eden space 199680K, 0% used [0x00000000eab00000,0x00000000eab00000,0x00000000f6e00000)
  from space 74752K, 42% used [0x00000000f6e00000,0x00000000f8d51a20,0x00000000fb700000)
  to   space 71168K, 0% used [0x00000000fba80000,0x00000000fba80000,0x0000000100000000)
 ParOldGen       total 280064K, used 206496K [0x00000000c0000000, 0x00000000d1180000, 0x00000000eab00000)
  object space 280064K, 73% used [0x00000000c0000000,0x00000000cc9a83c8,0x00000000d1180000)
 Metaspace       used 6526K, capacity 7280K, committed 7552K, reserved 1056768K
  class space    used 593K, capacity 616K, committed 640K, reserved 1048576K
}
Event: 7.483 GC heap before
{Heap before GC invocations=17 (full 2):
 PSYoungGen      total 274432K, used 231750K [0x00000000eab00000, 0x0000000100000000, 0x0000000100000000)
  eden space 199680K, 100% used [0x00000000eab00000,0x00000000f6e00000,0x00000000f6e00000)
  from space 74752K, 42% used [0x00000000f6e00000,0x00000000f8d51a20,0x00000000fb700000)
  to   space 71168K, 0% used [0x00000000fba80000,0x00000000fba80000,0x0000000100000000)
 ParOldGen       total 280064K, used 206496K [0x00000000c0000000, 0x00000000d1180000, 0x00000000eab00000)
  object space 280064K, 73% used [0x00000000c0000000,0x00000000cc9a83c8,0x00000000d1180000)
 Metaspace       used 6539K, capacity 7280K, committed 7552K, reserved 1056768K
  class space    used 594K, capacity 616K, committed 640K, reserved 1048576K
Event: 7.535 GC heap after
Heap after GC invocations=17 (full 2):
 PSYoungGen      total 261632K, used 62233K [0x00000000eab00000, 0x0000000100000000, 0x0000000100000000)
  eden space 190464K, 0% used [0x00000000eab00000,0x00000000eab00000,0x00000000f6500000)
  from space 71168K, 87% used [0x00000000fba80000,0x00000000ff746500,0x0000000100000000)
  to   space 79360K, 0% used [0x00000000f6500000,0x00000000f6500000,0x00000000fb280000)
 ParOldGen       total 280064K, used 206496K [0x00000000c0000000, 0x00000000d1180000, 0x00000000eab00000)
  object space 280064K, 73% used [0x00000000c0000000,0x00000000cc9a83c8,0x00000000d1180000)
 Metaspace       used 6539K, capacity 7280K, committed 7552K, reserved 1056768K
  class space    used 594K, capacity 616K, committed 640K, reserved 1048576K
}
Event: 7.851 GC heap before
{Heap before GC invocations=18 (full 2):
 PSYoungGen      total 261632K, used 252697K [0x00000000eab00000, 0x0000000100000000, 0x0000000100000000)
  eden space 190464K, 100% used [0x00000000eab00000,0x00000000f6500000,0x00000000f6500000)
  from space 71168K, 87% used [0x00000000fba80000,0x00000000ff746500,0x0000000100000000)
  to   space 79360K, 0% used [0x00000000f6500000,0x00000000f6500000,0x00000000fb280000)
 ParOldGen       total 280064K, used 206496K [0x00000000c0000000, 0x00000000d1180000, 0x00000000eab00000)
  object space 280064K, 73% used [0x00000000c0000000,0x00000000cc9a83c8,0x00000000d1180000)
 Metaspace       used 6542K, capacity 7280K, committed 7552K, reserved 1056768K
  class space    used 594K, capacity 616K, committed 640K, reserved 1048576K
Event: 7.932 GC heap after
Heap after GC invocations=18 (full 2):
 PSYoungGen      total 269824K, used 79339K [0x00000000eab00000, 0x0000000100000000, 0x0000000100000000)
  eden space 190464K, 0% used [0x00000000eab00000,0x00000000eab00000,0x00000000f6500000)
  from space 79360K, 99% used [0x00000000f6500000,0x00000000fb27ac48,0x00000000fb280000)
  to   space 79360K, 0% used [0x00000000fb280000,0x00000000fb280000,0x0000000100000000)
 ParOldGen       total 280064K, used 216840K [0x00000000c0000000, 0x00000000d1180000, 0x00000000eab00000)
  object space 280064K, 77% used [0x00000000c0000000,0x00000000cd3c22e0,0x00000000d1180000)
 Metaspace       used 6542K, capacity 7280K, committed 7552K, reserved 1056768K
  class space    used 594K, capacity 616K, committed 640K, reserved 1048576K
}
Event: 8.245 GC heap before
{Heap before GC invocations=19 (full 2):
 PSYoungGen      total 269824K, used 269803K [0x00000000eab00000, 0x0000000100000000, 0x0000000100000000)
  eden space 190464K, 100% used [0x00000000eab00000,0x00000000f6500000,0x00000000f6500000)
  from space 79360K, 99% used [0x00000000f6500000,0x00000000fb27ac48,0x00000000fb280000)
  to   space 79360K, 0% used [0x00000000fb280000,0x00000000fb280000,0x0000000100000000)
 ParOldGen       total 280064K, used 216840K [0x00000000c0000000, 0x00000000d1180000, 0x00000000eab00000)
  object space 280064K, 77% used [0x00000000c0000000,0x00000000cd3c22e0,0x00000000d1180000)
 Metaspace       used 6542K, capacity 7280K, committed 7552K, reserved 1056768K
  class space    used 594K, capacity 616K, committed 640K, reserved 1048576K
Event: 10.200 GC heap after
Heap after GC invocations=19 (full 2):
 PSYoungGen      total 243200K, used 43425K [0x00000000eab00000, 0x0000000100000000, 0x0000000100000000)
  eden space 163840K, 0% used [0x00000000eab00000,0x00000000eab00000,0x00000000f4b00000)
  from space 79360K, 54% used [0x00000000fb280000,0x00000000fdce8478,0x0000000100000000)
  to   space 92672K, 0% used [0x00000000f4b00000,0x00000000f4b00000,0x00000000fa580000)
 ParOldGen       total 280064K, used 275411K [0x00000000c0000000, 0x00000000d1180000, 0x00000000eab00000)
  object space 280064K, 98% used [0x00000000c0000000,0x00000000d0cf4dd0,0x00000000d1180000)
 Metaspace       used 6542K, capacity 7280K, committed 7552K, reserved 1056768K
  class space    used 594K, capacity 616K, committed 640K, reserved 1048576K
}
Event: 10.352 GC heap before
{Heap before GC invocations=20 (full 3):
 PSYoungGen      total 243200K, used 43425K [0x00000000eab00000, 0x0000000100000000, 0x0000000100000000)
  eden space 163840K, 0% used [0x00000000eab00000,0x00000000eab00000,0x00000000f4b00000)
  from space 79360K, 54% used [0x00000000fb280000,0x00000000fdce8478,0x0000000100000000)
  to   space 92672K, 0% used [0x00000000f4b00000,0x00000000f4b00000,0x00000000fa580000)
 ParOldGen       total 280064K, used 275411K [0x00000000c0000000, 0x00000000d1180000, 0x00000000eab00000)
  object space 280064K, 98% used [0x00000000c0000000,0x00000000d0cf4dd0,0x00000000d1180000)
 Metaspace       used 6542K, capacity 7280K, committed 7552K, reserved 1056768K
  class space    used 594K, capacity 616K, committed 640K, reserved 1048576K

Deoptimization events (10 events):
Event: 5.180 Thread 0x00007f2068199800 Uncommon trap: reason=unstable_if action=reinterpret pc=0x00007f2059a1af00 method=com.android.dx.ssa.SCCP.simulateBranch(Lcom/android/dx/ssa/SsaInsn;)V @ 140
Event: 6.328 Thread 0x00007f2068194800 Uncommon trap: reason=unstable_if action=reinterpret pc=0x00007f2059a6960c method=com.android.dx.rop.code.BasicBlockList.preferredSuccessorOf(Lcom/android/dx/rop/code/BasicBlock;)Lcom/android/dx/rop/code/BasicBlock; @ 58
Event: 6.420 Thread 0x00007f2068194800 Uncommon trap: reason=unstable_if action=reinterpret pc=0x00007f2059aceecc method=com.android.dx.ssa.back.FirstFitLocalCombiningAllocator.getAlignment(I)Lcom/android/dx/ssa/back/FirstFitLocalCombiningAllocator$Alignment; @ 6
Event: 6.566 Thread 0x00007f2068198000 Uncommon trap: reason=unstable_if action=reinterpret pc=0x00007f2059953e20 method=java.util.HashMap.putVal(ILjava/lang/Object;Ljava/lang/Object;ZZ)Ljava/lang/Object; @ 109
Event: 6.632 Thread 0x00007f2068194800 Uncommon trap: reason=unstable_if action=reinterpret pc=0x00007f2059a61ef4 method=com.android.dx.rop.code.LocalVariableExtractor.processBlock(I)V @ 208
Event: 6.705 Thread 0x00007f2068199800 Uncommon trap: reason=unstable_if action=reinterpret pc=0x00007f2059b0086c method=com.android.dx.ssa.SsaMethod.blockIndexToRopLabel(I)I @ 1
Event: 7.085 Thread 0x00007f2068194800 Uncommon trap: reason=unstable_if action=reinterpret pc=0x00007f2059b186e0 method=com.android.dx.rop.type.Type.isReference()Z @ 6
Event: 7.336 Thread 0x00007f2068199800 Uncommon trap: reason=unstable_if action=reinterpret pc=0x00007f2059918d28 method=java.util.HashMap.putVal(ILjava/lang/Object;Ljava/lang/Object;ZZ)Ljava/lang/Object; @ 109
Event: 7.581 Thread 0x00007f206819b800 Uncommon trap: reason=unstable_if action=reinterpret pc=0x00007f2059155fa0 method=java.util.ArrayList.<init>(I)V @ 5
Event: 7.594 Thread 0x00007f2068194800 Uncommon trap: reason=unstable_if action=reinterpret pc=0x00007f2059b10c58 method=java.util.ArrayList.<init>(I)V @ 5

Internal exceptions (7 events):
Event: 0.013 Thread 0x00007f206800a000 Exception <a 'java/lang/NoSuchMethodError': Method sun.misc.Unsafe.defineClass(Ljava/lang/String;[BII)Ljava/lang/Class; name or signature does not match> (0x00000000eab07cc0) thrown at [/ssd/Android/AOSP-openjdk/external/jetbrains/jdk/hotspot/src/share/vm
Event: 0.013 Thread 0x00007f206800a000 Exception <a 'java/lang/NoSuchMethodError': Method sun.misc.Unsafe.prefetchRead(Ljava/lang/Object;J)V name or signature does not match> (0x00000000eab07fa8) thrown at [/ssd/Android/AOSP-openjdk/external/jetbrains/jdk/hotspot/src/share/vm/prims/jni.cpp, li
Event: 0.596 Thread 0x00007f206819b800 Implicit null exception at 0x00007f2059324f0c to 0x00007f2059327801
Event: 0.795 Thread 0x00007f206819b800 Implicit null exception at 0x00007f2059385b3d to 0x00007f2059388ecd
Event: 1.421 Thread 0x00007f206800a000 Exception <a 'java/lang/ArrayIndexOutOfBoundsException': 18> (0x00000000ee76a508) thrown at [/ssd/Android/AOSP-openjdk/external/jetbrains/jdk/hotspot/src/share/vm/interpreter/interpreterRuntime.cpp, line 366]
Event: 1.421 Thread 0x00007f206800a000 Exception <a 'java/lang/ArrayIndexOutOfBoundsException': 145> (0x00000000ee76c088) thrown at [/ssd/Android/AOSP-openjdk/external/jetbrains/jdk/hotspot/src/share/vm/interpreter/interpreterRuntime.cpp, line 366]
Event: 1.430 Thread 0x00007f206800a000 Exception <a 'java/lang/ArrayIndexOutOfBoundsException'> (0x00000000ee76d370) thrown at [/ssd/Android/AOSP-openjdk/external/jetbrains/jdk/hotspot/src/share/vm/runtime/sharedRuntime.cpp, line 605]

Events (10 events):
Event: 8.212 Thread 0x00007f206819b800 DEOPT UNPACKING pc=0x00007f2059047373 sp=0x00007f205052df80 mode 0
Event: 8.225 Thread 0x00007f206819b800 DEOPT PACKING pc=0x00007f2059598fe9 sp=0x00007f205052e120
Event: 8.225 Thread 0x00007f206819b800 DEOPT UNPACKING pc=0x00007f2059047373 sp=0x00007f205052ded0 mode 0
Event: 8.230 Thread 0x00007f2068198000 DEOPT PACKING pc=0x00007f2059598fe9 sp=0x00007f20507301d0
Event: 8.230 Thread 0x00007f2068198000 DEOPT UNPACKING pc=0x00007f2059047373 sp=0x00007f205072ff80 mode 0
Event: 8.235 loading class com/android/dx/ssa/Dominators$1
Event: 8.235 loading class com/android/dx/ssa/Dominators$1 done
Event: 8.238 Thread 0x00007f2068199800 DEOPT PACKING pc=0x00007f2059598fe9 sp=0x00007f205062f1d0
Event: 8.238 Thread 0x00007f2068199800 DEOPT UNPACKING pc=0x00007f2059047373 sp=0x00007f205062ef80 mode 0
Event: 8.245 Executing VM operation: ParallelGCFailedAllocation


Dynamic libraries:
00400000-00401000 r-xp 00000000 08:06 2891934                            /home/trtcpu007/Softwares/android-studio/jre/bin/java
00600000-00601000 r--p 00000000 08:06 2891934                            /home/trtcpu007/Softwares/android-studio/jre/bin/java
00601000-00602000 rw-p 00001000 08:06 2891934                            /home/trtcpu007/Softwares/android-studio/jre/bin/java
024da000-024fb000 rw-p 00000000 00:00 0                                  [heap]
c0000000-d1180000 rw-p 00000000 00:00 0 
d9a00000-eab00000 ---p 00000000 00:00 0 
eab00000-100000000 rw-p 00000000 00:00 0 
100000000-1000a0000 rw-p 00000000 00:00 0 
1000a0000-140000000 ---p 00000000 00:00 0 
7f2004000000-7f2004021000 rw-p 00000000 00:00 0 
7f2004021000-7f2008000000 ---p 00000000 00:00 0 
7f200c000000-7f200c032000 rw-p 00000000 00:00 0 
7f200c032000-7f2010000000 ---p 00000000 00:00 0 
7f2010000000-7f2010021000 rw-p 00000000 00:00 0 
7f2010021000-7f2014000000 ---p 00000000 00:00 0 
7f2014000000-7f2014029000 rw-p 00000000 00:00 0 
7f2014029000-7f2018000000 ---p 00000000 00:00 0 
7f2018000000-7f2018021000 rw-p 00000000 00:00 0 
7f2018021000-7f201c000000 ---p 00000000 00:00 0 
7f201c000000-7f201c021000 rw-p 00000000 00:00 0 
7f201c021000-7f2020000000 ---p 00000000 00:00 0 
7f2020000000-7f2020021000 rw-p 00000000 00:00 0 
7f2020021000-7f2024000000 ---p 00000000 00:00 0 
7f2024000000-7f20250b9000 rw-p 00000000 00:00 0 
7f20250b9000-7f2028000000 ---p 00000000 00:00 0 
7f2028000000-7f20286d9000 rw-p 00000000 00:00 0 
7f20286d9000-7f202c000000 ---p 00000000 00:00 0 
7f202c000000-7f202c021000 rw-p 00000000 00:00 0 
7f202c021000-7f2030000000 ---p 00000000 00:00 0 
7f2030000000-7f2030b08000 rw-p 00000000 00:00 0 
7f2030b08000-7f2034000000 ---p 00000000 00:00 0 
7f2034000000-7f2034021000 rw-p 00000000 00:00 0 
7f2034021000-7f2038000000 ---p 00000000 00:00 0 
7f2038000000-7f2038021000 rw-p 00000000 00:00 0 
7f2038021000-7f203c000000 ---p 00000000 00:00 0 
7f203c000000-7f203c021000 rw-p 00000000 00:00 0 
7f203c021000-7f2040000000 ---p 00000000 00:00 0 
7f2040000000-7f204028e000 rw-p 00000000 00:00 0 
7f204028e000-7f2044000000 ---p 00000000 00:00 0 
7f2044000000-7f2044199000 rw-p 00000000 00:00 0 
7f2044199000-7f2048000000 ---p 00000000 00:00 0 
7f204c000000-7f204c021000 rw-p 00000000 00:00 0 
7f204c021000-7f2050000000 ---p 00000000 00:00 0 
7f205042f000-7f2050432000 ---p 00000000 00:00 0 
7f2050432000-7f2050530000 rw-p 00000000 00:00 0 
7f2050530000-7f2050533000 ---p 00000000 00:00 0 
7f2050533000-7f2050631000 rw-p 00000000 00:00 0 
7f2050631000-7f2050634000 ---p 00000000 00:00 0 
7f2050634000-7f2050732000 rw-p 00000000 00:00 0 
7f2050732000-7f2050735000 ---p 00000000 00:00 0 
7f2050735000-7f2050833000 rw-p 00000000 00:00 0 
7f2050833000-7f2050836000 ---p 00000000 00:00 0 
7f2050836000-7f2050934000 rw-p 00000000 00:00 0 
7f2050934000-7f2050935000 ---p 00000000 00:00 0 
7f2050935000-7f2050a35000 rw-p 00000000 00:00 0 
7f2050a35000-7f2050a38000 ---p 00000000 00:00 0 
7f2050a38000-7f2050b36000 rw-p 00000000 00:00 0 
7f2050b36000-7f2050b39000 ---p 00000000 00:00 0 
7f2050b39000-7f2050c37000 rw-p 00000000 00:00 0 
7f2050c37000-7f2050c3a000 ---p 00000000 00:00 0 
7f2050c3a000-7f2050d38000 rw-p 00000000 00:00 0 
7f2050d38000-7f2050d3b000 ---p 00000000 00:00 0 
7f2050d3b000-7f2050e39000 rw-p 00000000 00:00 0 
7f2050e39000-7f2050e3c000 ---p 00000000 00:00 0 
7f2050e3c000-7f2050f3a000 rw-p 00000000 00:00 0 
7f2050f3a000-7f20518f9000 r--p 00000000 08:05 9151                       /usr/lib/locale/locale-archive
7f20518f9000-7f20518fc000 ---p 00000000 00:00 0 
7f20518fc000-7f20519fa000 rw-p 00000000 00:00 0 
7f20519fa000-7f20519fd000 ---p 00000000 00:00 0 
7f20519fd000-7f2051afb000 rw-p 00000000 00:00 0 
7f2051afb000-7f2051afc000 ---p 00000000 00:00 0 
7f2051afc000-7f2054000000 rw-p 00000000 00:00 0 
7f2054000000-7f2054021000 rw-p 00000000 00:00 0 
7f2054021000-7f2058000000 ---p 00000000 00:00 0 
7f2058065000-7f20580b7000 r--s 00412000 08:06 17565895                   /home/trtcpu007/TRT_Projects/NUVO/Source/Nuvo_20160808/app/build/intermediates/transforms/jarMerging/debug/jars/1/1f/combined.jar
7f20580b7000-7f2058ec0000 rw-p 00000000 00:00 0 
7f2058ec0000-7f2059000000 ---p 00000000 00:00 0 
7f2059000000-7f2059b80000 rwxp 00000000 00:00 0 
7f2059b80000-7f2068000000 ---p 00000000 00:00 0 
7f2068000000-7f2068395000 rw-p 00000000 00:00 0 
7f2068395000-7f206c000000 ---p 00000000 00:00 0 
7f206c012000-7f206c484000 rw-p 00000000 00:00 0 
7f206c484000-7f206c651000 r--s 03bec000 08:06 2891970                    /home/trtcpu007/Softwares/android-studio/jre/jre/lib/rt.jar
7f206c651000-7f206c8c7000 rw-p 00000000 00:00 0 
7f206c8c7000-7f206c8c8000 ---p 00000000 00:00 0 
7f206c8c8000-7f206c9c8000 rw-p 00000000 00:00 0 
7f206c9c8000-7f206c9c9000 ---p 00000000 00:00 0 
7f206c9c9000-7f206cac9000 rw-p 00000000 00:00 0 
7f206cac9000-7f206caca000 ---p 00000000 00:00 0 
7f206caca000-7f206cbca000 rw-p 00000000 00:00 0 
7f206cbca000-7f206cbcb000 ---p 00000000 00:00 0 
7f206cbcb000-7f206cd54000 rw-p 00000000 00:00 0 
7f206cd54000-7f206ce21000 ---p 00000000 00:00 0 
7f206ce21000-7f206ceaa000 rw-p 00000000 00:00 0 
7f206ceaa000-7f206cf76000 ---p 00000000 00:00 0 
7f206cf76000-7f206d021000 rw-p 00000000 00:00 0 
7f206d021000-7f206d050000 rw-p 00000000 00:00 0 
7f206d050000-7f206d3e2000 ---p 00000000 00:00 0 
7f206d3e2000-7f206d3fc000 r-xp 00000000 08:06 3286689                    /home/trtcpu007/Softwares/android-studio/jre/jre/lib/amd64/libzip.so
7f206d3fc000-7f206d5fc000 ---p 0001a000 08:06 3286689                    /home/trtcpu007/Softwares/android-studio/jre/jre/lib/amd64/libzip.so
7f206d5fc000-7f206d5fd000 r--p 0001a000 08:06 3286689                    /home/trtcpu007/Softwares/android-studio/jre/jre/lib/amd64/libzip.so
7f206d5fd000-7f206d5fe000 rw-p 0001b000 08:06 3286689                    /home/trtcpu007/Softwares/android-studio/jre/jre/lib/amd64/libzip.so
7f206d5fe000-7f206d609000 r-xp 00000000 08:05 660792                     /lib/x86_64-linux-gnu/libnss_files-2.23.so
7f206d609000-7f206d808000 ---p 0000b000 08:05 660792                     /lib/x86_64-linux-gnu/libnss_files-2.23.so
7f206d808000-7f206d809000 r--p 0000a000 08:05 660792                     /lib/x86_64-linux-gnu/libnss_files-2.23.so
7f206d809000-7f206d80a000 rw-p 0000b000 08:05 660792                     /lib/x86_64-linux-gnu/libnss_files-2.23.so
7f206d80a000-7f206d810000 rw-p 00000000 00:00 0 
7f206d810000-7f206d81b000 r-xp 00000000 08:05 660802                     /lib/x86_64-linux-gnu/libnss_nis-2.23.so
7f206d81b000-7f206da1a000 ---p 0000b000 08:05 660802                     /lib/x86_64-linux-gnu/libnss_nis-2.23.so
7f206da1a000-7f206da1b000 r--p 0000a000 08:05 660802                     /lib/x86_64-linux-gnu/libnss_nis-2.23.so
7f206da1b000-7f206da1c000 rw-p 0000b000 08:05 660802                     /lib/x86_64-linux-gnu/libnss_nis-2.23.so
7f206da1c000-7f206da32000 r-xp 00000000 08:05 660786                     /lib/x86_64-linux-gnu/libnsl-2.23.so
7f206da32000-7f206dc31000 ---p 00016000 08:05 660786                     /lib/x86_64-linux-gnu/libnsl-2.23.so
7f206dc31000-7f206dc32000 r--p 00015000 08:05 660786                     /lib/x86_64-linux-gnu/libnsl-2.23.so
7f206dc32000-7f206dc33000 rw-p 00016000 08:05 660786                     /lib/x86_64-linux-gnu/libnsl-2.23.so
7f206dc33000-7f206dc35000 rw-p 00000000 00:00 0 
7f206dc35000-7f206dc3d000 r-xp 00000000 08:05 660788                     /lib/x86_64-linux-gnu/libnss_compat-2.23.so
7f206dc3d000-7f206de3c000 ---p 00008000 08:05 660788                     /lib/x86_64-linux-gnu/libnss_compat-2.23.so
7f206de3c000-7f206de3d000 r--p 00007000 08:05 660788                     /lib/x86_64-linux-gnu/libnss_compat-2.23.so
7f206de3d000-7f206de3e000 rw-p 00008000 08:05 660788                     /lib/x86_64-linux-gnu/libnss_compat-2.23.so
7f206de3e000-7f206de6b000 r-xp 00000000 08:06 3286699                    /home/trtcpu007/Softwares/android-studio/jre/jre/lib/amd64/libjava.so
7f206de6b000-7f206e06a000 ---p 0002d000 08:06 3286699                    /home/trtcpu007/Softwares/android-studio/jre/jre/lib/amd64/libjava.so
7f206e06a000-7f206e06b000 r--p 0002c000 08:06 3286699                    /home/trtcpu007/Softwares/android-studio/jre/jre/lib/amd64/libjava.so
7f206e06b000-7f206e06d000 rw-p 0002d000 08:06 3286699                    /home/trtcpu007/Softwares/android-studio/jre/jre/lib/amd64/libjava.so
7f206e06d000-7f206e07d000 r-xp 00000000 08:06 3286715                    /home/trtcpu007/Softwares/android-studio/jre/jre/lib/amd64/libverify.so
7f206e07d000-7f206e27c000 ---p 00010000 08:06 3286715                    /home/trtcpu007/Softwares/android-studio/jre/jre/lib/amd64/libverify.so
7f206e27c000-7f206e27e000 r--p 0000f000 08:06 3286715                    /home/trtcpu007/Softwares/android-studio/jre/jre/lib/amd64/libverify.so
7f206e27e000-7f206e27f000 rw-p 00011000 08:06 3286715                    /home/trtcpu007/Softwares/android-studio/jre/jre/lib/amd64/libverify.so
7f206e27f000-7f206e286000 r-xp 00000000 08:05 660847                     /lib/x86_64-linux-gnu/librt-2.23.so
7f206e286000-7f206e485000 ---p 00007000 08:05 660847                     /lib/x86_64-linux-gnu/librt-2.23.so
7f206e485000-7f206e486000 r--p 00006000 08:05 660847                     /lib/x86_64-linux-gnu/librt-2.23.so
7f206e486000-7f206e487000 rw-p 00007000 08:05 660847                     /lib/x86_64-linux-gnu/librt-2.23.so
7f206e487000-7f206e58f000 r-xp 00000000 08:05 660763                     /lib/x86_64-linux-gnu/libm-2.23.so
7f206e58f000-7f206e78e000 ---p 00108000 08:05 660763                     /lib/x86_64-linux-gnu/libm-2.23.so
7f206e78e000-7f206e78f000 r--p 00107000 08:05 660763                     /lib/x86_64-linux-gnu/libm-2.23.so
7f206e78f000-7f206e790000 rw-p 00108000 08:05 660763                     /lib/x86_64-linux-gnu/libm-2.23.so
7f206e790000-7f206f376000 r-xp 00000000 08:06 3416762                    /home/trtcpu007/Softwares/android-studio/jre/jre/lib/amd64/server/libjvm.so
7f206f376000-7f206f576000 ---p 00be6000 08:06 3416762                    /home/trtcpu007/Softwares/android-studio/jre/jre/lib/amd64/server/libjvm.so
7f206f576000-7f206f615000 r--p 00be6000 08:06 3416762                    /home/trtcpu007/Softwares/android-studio/jre/jre/lib/amd64/server/libjvm.so
7f206f615000-7f206f63e000 rw-p 00c85000 08:06 3416762                    /home/trtcpu007/Softwares/android-studio/jre/jre/lib/amd64/server/libjvm.so
7f206f63e000-7f206f680000 rw-p 00000000 00:00 0 
7f206f680000-7f206f698000 r-xp 00000000 08:05 660839                     /lib/x86_64-linux-gnu/libpthread-2.23.so
7f206f698000-7f206f897000 ---p 00018000 08:05 660839                     /lib/x86_64-linux-gnu/libpthread-2.23.so
7f206f897000-7f206f898000 r--p 00017000 08:05 660839                     /lib/x86_64-linux-gnu/libpthread-2.23.so
7f206f898000-7f206f899000 rw-p 00018000 08:05 660839                     /lib/x86_64-linux-gnu/libpthread-2.23.so
7f206f899000-7f206f89d000 rw-p 00000000 00:00 0 
7f206f89d000-7f206f8a0000 r-xp 00000000 08:05 660717                     /lib/x86_64-linux-gnu/libdl-2.23.so
7f206f8a0000-7f206fa9f000 ---p 00003000 08:05 660717                     /lib/x86_64-linux-gnu/libdl-2.23.so
7f206fa9f000-7f206faa0000 r--p 00002000 08:05 660717                     /lib/x86_64-linux-gnu/libdl-2.23.so
7f206faa0000-7f206faa1000 rw-p 00003000 08:05 660717                     /lib/x86_64-linux-gnu/libdl-2.23.so
7f206faa1000-7f206fc61000 r-xp 00000000 08:05 660693                     /lib/x86_64-linux-gnu/libc-2.23.so
7f206fc61000-7f206fe60000 ---p 001c0000 08:05 660693                     /lib/x86_64-linux-gnu/libc-2.23.so
7f206fe60000-7f206fe64000 r--p 001bf000 08:05 660693                     /lib/x86_64-linux-gnu/libc-2.23.so
7f206fe64000-7f206fe66000 rw-p 001c3000 08:05 660693                     /lib/x86_64-linux-gnu/libc-2.23.so
7f206fe66000-7f206fe6a000 rw-p 00000000 00:00 0 
7f206fe6a000-7f206fe80000 r-xp 00000000 08:06 2891910                    /home/trtcpu007/Softwares/android-studio/jre/lib/amd64/jli/libjli.so
7f206fe80000-7f207007f000 ---p 00016000 08:06 2891910                    /home/trtcpu007/Softwares/android-studio/jre/lib/amd64/jli/libjli.so
7f207007f000-7f2070080000 r--p 00015000 08:06 2891910                    /home/trtcpu007/Softwares/android-studio/jre/lib/amd64/jli/libjli.so
7f2070080000-7f2070081000 rw-p 00016000 08:06 2891910                    /home/trtcpu007/Softwares/android-studio/jre/lib/amd64/jli/libjli.so
7f2070081000-7f20700a7000 r-xp 00000000 08:05 660665                     /lib/x86_64-linux-gnu/ld-2.23.so
7f20700ad000-7f2070186000 rw-p 00000000 00:00 0 
7f2070186000-7f2070189000 ---p 00000000 00:00 0 
7f2070189000-7f207028b000 rw-p 00000000 00:00 0 
7f207028b000-7f207029a000 r--s 000df000 08:06 2363327                    /home/trtcpu007/Android/Sdk/build-tools/23.0.3/lib/dx.jar
7f207029a000-7f20702a2000 rw-s 00000000 08:05 155686                     /tmp/hsperfdata_trtcpu007/8136
7f20702a2000-7f20702a3000 rw-p 00000000 00:00 0 
7f20702a3000-7f20702a4000 ---p 00000000 00:00 0 
7f20702a4000-7f20702a6000 rw-p 00000000 00:00 0 
7f20702a6000-7f20702a7000 r--p 00025000 08:05 660665                     /lib/x86_64-linux-gnu/ld-2.23.so
7f20702a7000-7f20702a8000 rw-p 00026000 08:05 660665                     /lib/x86_64-linux-gnu/ld-2.23.so
7f20702a8000-7f20702a9000 rw-p 00000000 00:00 0 
7ffe34e71000-7ffe34e93000 rw-p 00000000 00:00 0                          [stack]
7ffe34f2c000-7ffe34f2e000 r--p 00000000 00:00 0                          [vvar]
7ffe34f2e000-7ffe34f30000 r-xp 00000000 00:00 0                          [vdso]
ffffffffff600000-ffffffffff601000 r-xp 00000000 00:00 0                  [vsyscall]

VM Arguments:
jvm_args: -Djava.awt.headless=true -Xmx1024M -Dfile.encoding=UTF-8 -Duser.country=IN -Duser.language=en -Duser.variant 
java_command: com.android.dx.command.Main --dex --num-threads=4 --multi-dex --main-dex-list /home/trtcpu007/TRT_Projects/NUVO/Source/Nuvo_20160808/app/build/intermediates/multi-dex/debug/maindexlist.txt --output /home/trtcpu007/TRT_Projects/NUVO/Source/Nuvo_20160808/app/build/intermediates/transforms/dex/debug/folders/1000/1f/main /home/trtcpu007/TRT_Projects/NUVO/Source/Nuvo_20160808/app/build/intermediates/transforms/jarMerging/debug/jars/1/1f/combined.jar
java_class_path (initial): /home/trtcpu007/Android/Sdk/build-tools/23.0.3/lib/dx.jar
Launcher Type: SUN_STANDARD

Environment Variables:
PATH=/usr/local/sbin:/usr/local/bin:/usr/sbin:/usr/bin:/sbin:/bin:/usr/games:/usr/local/games:/snap/bin
LD_LIBRARY_PATH=.:
SHELL=/bin/bash
DISPLAY=:0

Signal Handlers:
SIGSEGV: [libjvm.so+0x9daac0], sa_mask[0]=11111111011111111101111111111110, sa_flags=SA_RESTART|SA_SIGINFO
SIGBUS: [libjvm.so+0x9daac0], sa_mask[0]=11111111011111111101111111111110, sa_flags=SA_RESTART|SA_SIGINFO
SIGFPE: [libjvm.so+0x840d90], sa_mask[0]=11111111011111111101111111111110, sa_flags=SA_RESTART|SA_SIGINFO
SIGPIPE: [libjvm.so+0x840d90], sa_mask[0]=11111111011111111101111111111110, sa_flags=SA_RESTART|SA_SIGINFO
SIGXFSZ: [libjvm.so+0x840d90], sa_mask[0]=11111111011111111101111111111110, sa_flags=SA_RESTART|SA_SIGINFO
SIGILL: [libjvm.so+0x840d90], sa_mask[0]=11111111011111111101111111111110, sa_flags=SA_RESTART|SA_SIGINFO
SIGUSR1: SIG_DFL, sa_mask[0]=00000000000000000000000000000000, sa_flags=none
SIGUSR2: [libjvm.so+0x840c60], sa_mask[0]=00100000000000000000000000000000, sa_flags=SA_RESTART|SA_SIGINFO
SIGHUP: [libjvm.so+0x840e50], sa_mask[0]=11111111011111111101111111111110, sa_flags=SA_RESTART|SA_SIGINFO
SIGINT: [libjvm.so+0x840e50], sa_mask[0]=11111111011111111101111111111110, sa_flags=SA_RESTART|SA_SIGINFO
SIGTERM: [libjvm.so+0x840e50], sa_mask[0]=11111111011111111101111111111110, sa_flags=SA_RESTART|SA_SIGINFO
SIGQUIT: [libjvm.so+0x840e50], sa_mask[0]=11111111011111111101111111111110, sa_flags=SA_RESTART|SA_SIGINFO


---------------  S Y S T E M  ---------------

OS:DISTRIB_ID=Ubuntu
DISTRIB_RELEASE=16.04
DISTRIB_CODENAME=xenial
DISTRIB_DESCRIPTION="Ubuntu 16.04 LTS"

uname:Linux 4.4.0-31-generic #50-Ubuntu SMP Wed Jul 13 00:07:12 UTC 2016 x86_64
libc:glibc 2.23 NPTL 2.23 
rlimit: STACK 8192k, CORE 0k, NPROC 31269, NOFILE 65536, AS infinity
load average:4.04 1.54 0.97

/proc/meminfo:
MemTotal:        8043556 kB
MemFree:          135856 kB
MemAvailable:      35508 kB
Buffers:             624 kB
Cached:          1241356 kB
SwapCached:         5004 kB
Active:          6350232 kB
Inactive:        1365792 kB
Active(anon):    6346828 kB
Inactive(anon):  1349564 kB
Active(file):       3404 kB
Inactive(file):    16228 kB
Unevictable:          16 kB
Mlocked:              16 kB
SwapTotal:        496636 kB
SwapFree:              0 kB
Dirty:                96 kB
Writeback:             0 kB
AnonPages:       6469976 kB
Mapped:           519820 kB
Shmem:           1221428 kB
Slab:              87716 kB
SReclaimable:      49604 kB
SUnreclaim:        38112 kB
KernelStack:       10480 kB
PageTables:        47636 kB
NFS_Unstable:          0 kB
Bounce:                0 kB
WritebackTmp:          0 kB
CommitLimit:     4518412 kB
Committed_AS:   11654876 kB
VmallocTotal:   34359738367 kB
VmallocUsed:           0 kB
VmallocChunk:          0 kB
HardwareCorrupted:     0 kB
AnonHugePages:   4179968 kB
CmaTotal:              0 kB
CmaFree:               0 kB
HugePages_Total:       0
HugePages_Free:        0
HugePages_Rsvd:        0
HugePages_Surp:        0
Hugepagesize:       2048 kB
DirectMap4k:      124328 kB
DirectMap2M:     3938304 kB
DirectMap1G:     5242880 kB


CPU:total 4 (4 cores per cpu, 1 threads per core) family 6 model 60 stepping 3, cmov, cx8, fxsr, mmx, sse, sse2, sse3, ssse3, sse4.1, sse4.2, popcnt, avx, avx2, aes, clmul, erms, lzcnt, tsc, tscinvbit, bmi1, bmi2

/proc/cpuinfo:
processor	: 0
vendor_id	: GenuineIntel
cpu family	: 6
model		: 60
model name	: Intel(R) Core(TM) i5-4440S CPU @ 2.80GHz
stepping	: 3
microcode	: 0x1e
cpu MHz		: 2506.875
cache size	: 6144 KB
physical id	: 0
siblings	: 4
core id		: 0
cpu cores	: 4
apicid		: 0
initial apicid	: 0
fpu		: yes
fpu_exception	: yes
cpuid level	: 13
wp		: yes
flags		: fpu vme de pse tsc msr pae mce cx8 apic sep mtrr pge mca cmov pat pse36 clflush dts acpi mmx fxsr sse sse2 ss ht tm pbe syscall nx pdpe1gb rdtscp lm constant_tsc arch_perfmon pebs bts rep_good nopl xtopology nonstop_tsc aperfmperf eagerfpu pni pclmulqdq dtes64 monitor ds_cpl vmx est tm2 ssse3 sdbg fma cx16 xtpr pdcm pcid sse4_1 sse4_2 x2apic movbe popcnt tsc_deadline_timer aes xsave avx f16c rdrand lahf_lm abm epb tpr_shadow vnmi flexpriority ept vpid fsgsbase tsc_adjust bmi1 avx2 smep bmi2 erms invpcid xsaveopt dtherm ida arat pln pts
bugs		:
bogomips	: 5586.50
clflush size	: 64
cache_alignment	: 64
address sizes	: 39 bits physical, 48 bits virtual
power management:

processor	: 1
vendor_id	: GenuineIntel
cpu family	: 6
model		: 60
model name	: Intel(R) Core(TM) i5-4440S CPU @ 2.80GHz
stepping	: 3
microcode	: 0x1e
cpu MHz		: 2152.171
cache size	: 6144 KB
physical id	: 0
siblings	: 4
core id		: 1
cpu cores	: 4
apicid		: 2
initial apicid	: 2
fpu		: yes
fpu_exception	: yes
cpuid level	: 13
wp		: yes
flags		: fpu vme de pse tsc msr pae mce cx8 apic sep mtrr pge mca cmov pat pse36 clflush dts acpi mmx fxsr sse sse2 ss ht tm pbe syscall nx pdpe1gb rdtscp lm constant_tsc arch_perfmon pebs bts rep_good nopl xtopology nonstop_tsc aperfmperf eagerfpu pni pclmulqdq dtes64 monitor ds_cpl vmx est tm2 ssse3 sdbg fma cx16 xtpr pdcm pcid sse4_1 sse4_2 x2apic movbe popcnt tsc_deadline_timer aes xsave avx f16c rdrand lahf_lm abm epb tpr_shadow vnmi flexpriority ept vpid fsgsbase tsc_adjust bmi1 avx2 smep bmi2 erms invpcid xsaveopt dtherm ida arat pln pts
bugs		:
bogomips	: 5586.50
clflush size	: 64
cache_alignment	: 64
address sizes	: 39 bits physical, 48 bits virtual
power management:

processor	: 2
vendor_id	: GenuineIntel
cpu family	: 6
model		: 60
model name	: Intel(R) Core(TM) i5-4440S CPU @ 2.80GHz
stepping	: 3
microcode	: 0x1e
cpu MHz		: 2317.765
cache size	: 6144 KB
physical id	: 0
siblings	: 4
core id		: 2
cpu cores	: 4
apicid		: 4
initial apicid	: 4
fpu		: yes
fpu_exception	: yes
cpuid level	: 13
wp		: yes
flags		: fpu vme de pse tsc msr pae mce cx8 apic sep mtrr pge mca cmov pat pse36 clflush dts acpi mmx fxsr sse sse2 ss ht tm pbe syscall nx pdpe1gb rdtscp lm constant_tsc arch_perfmon pebs bts rep_good nopl xtopology nonstop_tsc aperfmperf eagerfpu pni pclmulqdq dtes64 monitor ds_cpl vmx est tm2 ssse3 sdbg fma cx16 xtpr pdcm pcid sse4_1 sse4_2 x2apic movbe popcnt tsc_deadline_timer aes xsave avx f16c rdrand lahf_lm abm epb tpr_shadow vnmi flexpriority ept vpid fsgsbase tsc_adjust bmi1 avx2 smep bmi2 erms invpcid xsaveopt dtherm ida arat pln pts
bugs		:
bogomips	: 5586.50
clflush size	: 64
cache_alignment	: 64
address sizes	: 39 bits physical, 48 bits virtual
power management:

processor	: 3
vendor_id	: GenuineIntel
cpu family	: 6
model		: 60
model name	: Intel(R) Core(TM) i5-4440S CPU @ 2.80GHz
stepping	: 3
microcode	: 0x1e
cpu MHz		: 2060.953
cache size	: 6144 KB
physical id	: 0
siblings	: 4
core id		: 3
cpu cores	: 4
apicid		: 6
initial apicid	: 6
fpu		: yes
fpu_exception	: yes
cpuid level	: 13
wp		: yes
flags		: fpu vme de pse tsc msr pae mce cx8 apic sep mtrr pge mca cmov pat pse36 clflush dts acpi mmx fxsr sse sse2 ss ht tm pbe syscall nx pdpe1gb rdtscp lm constant_tsc arch_perfmon pebs bts rep_good nopl xtopology nonstop_tsc aperfmperf eagerfpu pni pclmulqdq dtes64 monitor ds_cpl vmx est tm2 ssse3 sdbg fma cx16 xtpr pdcm pcid sse4_1 sse4_2 x2apic movbe popcnt tsc_deadline_timer aes xsave avx f16c rdrand lahf_lm abm epb tpr_shadow vnmi flexpriority ept vpid fsgsbase tsc_adjust bmi1 avx2 smep bmi2 erms invpcid xsaveopt dtherm ida arat pln pts
bugs		:
bogomips	: 5586.50
clflush size	: 64
cache_alignment	: 64
address sizes	: 39 bits physical, 48 bits virtual
power management:



Memory: 4k page, physical 8043556k(135608k free), swap 496636k(0k free)

vm_info: OpenJDK 64-Bit Server VM (25.76-b01) for linux-amd64 JRE (1.8.0_76-release-b01), built on May 12 2016 15:32:38 by "ralucas" with gcc 4.8.4

time: Mon Aug  8 15:46:46 2016
elapsed time: 24 seconds (0d 0h 0m 24s)

