#
# There is insufficient memory for the Java Runtime Environment to continue.
# Native memory allocation (mmap) failed to map 161480704 bytes for committing reserved memory.
# Possible reasons:
#   The system is out of physical RAM or swap space
#   In 32 bit mode, the process size limit was hit
# Possible solutions:
#   Reduce memory load on the system
#   Increase physical memory or swap space
#   Check if swap backing store is full
#   Use 64 bit Java on a 64 bit OS
#   Decrease Java heap size (-Xmx/-Xms)
#   Decrease number of Java threads
#   Decrease Java thread stack sizes (-Xss)
#   Set larger code cache with -XX:ReservedCodeCacheSize=
# This output file may be truncated or incomplete.
#
#  Out of Memory Error (os_linux.cpp:2627), pid=11483, tid=0x00007f7745061700
#
# JRE version: OpenJDK Runtime Environment (8.0_76-b01) (build 1.8.0_76-release-b01)
# Java VM: OpenJDK 64-Bit Server VM (25.76-b01 mixed mode linux-amd64 compressed oops)
# Failed to write core dump. Core dumps have been disabled. To enable core dumping, try "ulimit -c unlimited" before starting Java again
#

---------------  T H R E A D  ---------------

Current thread (0x00007f775c077800):  VMThread [stack: 0x00007f7744f61000,0x00007f7745062000] [id=11493]

Stack: [0x00007f7744f61000,0x00007f7745062000],  sp=0x00007f77450604d0,  free space=1021k
Native frames: (J=compiled Java code, j=interpreted, Vv=VM code, C=native code)
V  [libjvm.so+0x9d9fcd]  VMError::report_and_die()+0x15d
V  [libjvm.so+0x4b4d4a]  report_vm_out_of_memory(char const*, int, unsigned long, VMErrorType, char const*)+0x8a
V  [libjvm.so+0x845190]  os::pd_commit_memory(char*, unsigned long, unsigned long, bool)+0xf0
V  [libjvm.so+0x83fcbf]  os::commit_memory(char*, unsigned long, unsigned long, bool)+0x1f
V  [libjvm.so+0x8b4d9b]  PSVirtualSpace::expand_by(unsigned long)+0x5b
V  [libjvm.so+0x8a5b7b]  PSOldGen::expand_by(unsigned long) [clone .part.109]+0x1b
V  [libjvm.so+0x8a5d3b]  PSOldGen::expand(unsigned long) [clone .part.111]+0xdb
V  [libjvm.so+0x8a6618]  PSOldGen::resize(unsigned long)+0x188
V  [libjvm.so+0x8abc2c]  PSParallelCompact::invoke_no_policy(bool)+0x97c
V  [libjvm.so+0x8b2d3d]  PSScavenge::invoke()+0x17d
V  [libjvm.so+0x8681f3]  ParallelScavengeHeap::failed_mem_allocate(unsigned long)+0x63
V  [libjvm.so+0x9dba94]  VM_ParallelGCFailedAllocation::doit()+0x84
V  [libjvm.so+0x9dfe47]  VM_Operation::evaluate()+0x47
V  [libjvm.so+0x9de908]  VMThread::evaluate_operation(VM_Operation*)+0x2c8
V  [libjvm.so+0x9ded89]  VMThread::loop()+0x219
V  [libjvm.so+0x9df1d2]  VMThread::run()+0x72
V  [libjvm.so+0x8425b2]  java_start(Thread*)+0xf2

VM_Operation (0x00007f773fcfaf00): ParallelGCFailedAllocation, mode: safepoint, requested by thread 0x00007f775c1bd000


---------------  P R O C E S S  ---------------

Java Threads: ( => current thread )
  0x00007f775c1c3800 JavaThread "pool-2-thread-4" [_thread_blocked, id=11506, stack(0x00007f773f7f8000,0x00007f773f8f9000)]
  0x00007f775c1c2000 JavaThread "pool-2-thread-3" [_thread_blocked, id=11505, stack(0x00007f773f8f9000,0x00007f773f9fa000)]
  0x00007f775c1c0800 JavaThread "pool-2-thread-2" [_thread_blocked, id=11504, stack(0x00007f773f9fa000,0x00007f773fafb000)]
  0x00007f775c1bf800 JavaThread "pool-3-thread-1" [_thread_blocked, id=11503, stack(0x00007f773fafb000,0x00007f773fbfc000)]
  0x00007f775c1bd000 JavaThread "pool-2-thread-1" [_thread_blocked, id=11502, stack(0x00007f773fbfc000,0x00007f773fcfd000)]
  0x00007f775c0c0000 JavaThread "Service Thread" daemon [_thread_blocked, id=11500, stack(0x00007f773fdfe000,0x00007f773feff000)]
  0x00007f775c0bc800 JavaThread "C1 CompilerThread2" daemon [_thread_blocked, id=11499, stack(0x00007f773feff000,0x00007f7740000000)]
  0x00007f775c0bb000 JavaThread "C2 CompilerThread1" daemon [_thread_blocked, id=11498, stack(0x00007f774409d000,0x00007f774419e000)]
  0x00007f775c0b8000 JavaThread "C2 CompilerThread0" daemon [_thread_blocked, id=11497, stack(0x00007f774419e000,0x00007f774429f000)]
  0x00007f775c0b6800 JavaThread "Signal Dispatcher" daemon [_thread_blocked, id=11496, stack(0x00007f774429f000,0x00007f77443a0000)]
  0x00007f775c084000 JavaThread "Finalizer" daemon [_thread_blocked, id=11495, stack(0x00007f7744d5f000,0x00007f7744e60000)]
  0x00007f775c07f800 JavaThread "Reference Handler" daemon [_thread_blocked, id=11494, stack(0x00007f7744e60000,0x00007f7744f61000)]
  0x00007f775c00a000 JavaThread "main" [_thread_blocked, id=11488, stack(0x00007f7763546000,0x00007f7763647000)]

Other Threads:
=>0x00007f775c077800 VMThread [stack: 0x00007f7744f61000,0x00007f7745062000] [id=11493]
  0x00007f775c0c2800 WatcherThread [stack: 0x00007f773fcfd000,0x00007f773fdfe000] [id=11501]

VM state:at safepoint (normal execution)

VM Mutex/Monitor currently owned by a thread:  ([mutex/lock_event])
[0x00007f775c006190] ExpandHeap_lock - owner thread: 0x00007f775c077800
[0x00007f775c006810] Threads_lock - owner thread: 0x00007f775c077800
[0x00007f775c006d10] Heap_lock - owner thread: 0x00007f775c1bd000

Heap:
 PSYoungGen      total 254976K, used 6510K [0x00000000eab00000, 0x0000000100000000, 0x0000000100000000)
  eden space 160768K, 0% used [0x00000000eab00000,0x00000000eab00000,0x00000000f4800000)
  from space 94208K, 6% used [0x00000000f4800000,0x00000000f4e5b9b8,0x00000000fa400000)
  to   space 91648K, 0% used [0x00000000fa680000,0x00000000fa680000,0x0000000100000000)
 ParOldGen       total 306176K, used 305914K [0x00000000c0000000, 0x00000000d2b00000, 0x00000000eab00000)
  object space 306176K, 99% used [0x00000000c0000000,0x00000000d2abe9a8,0x00000000d2b00000)
 Metaspace       used 6535K, capacity 7280K, committed 7552K, reserved 1056768K
  class space    used 594K, capacity 616K, committed 640K, reserved 1048576K

Card table byte_map: [0x00007f77601e1000,0x00007f77603e2000] byte_map_base: 0x00007f775fbe1000

Marking Bits: (ParMarkBitMap*) 0x00007f7762a131a0
 Begin Bits: [0x00007f7746000000, 0x00007f7747000000)
 End Bits:   [0x00007f7747000000, 0x00007f7748000000)

Polling page: 0x00007f7763663000

CodeCache: size=245760Kb used=11623Kb max_used=11626Kb free=234136Kb
 bounds [0x00007f774d000000, 0x00007f774db80000, 0x00007f775c000000]
 total_blobs=2743 nmethods=2475 adapters=182
 compilation: enabled

Compilation events (10 events):
Event: 8.432 Thread 0x00007f775c0bc800 2684 % !   3       com.android.dx.cf.code.Merger::mergeStack @ 35 (192 bytes)
Event: 8.433 Thread 0x00007f775c0bc800 nmethod 2684% 0x00007f774db19010 code [0x00007f774db193c0, 0x00007f774db1b478]
Event: 8.433 Thread 0x00007f775c0bc800 2685       3       sun.util.calendar.ZoneInfo::getTransitionIndex (156 bytes)
Event: 8.434 Thread 0x00007f775c0bc800 nmethod 2685 0x00007f774db00b50 code [0x00007f774db00ce0, 0x00007f774db011b0]
Event: 8.447 Thread 0x00007f775c0b8000 nmethod 2592 0x00007f774db5cc90 code [0x00007f774db5d0a0, 0x00007f774db60230]
Event: 8.447 Thread 0x00007f775c0b8000 2683       4       com.android.dx.rop.code.LocalVariableExtractor::processBlock (327 bytes)
Event: 8.515 Thread 0x00007f775c0bc800 2688   !   3       com.android.dx.cf.code.Merger::mergeStack (192 bytes)
Event: 8.517 Thread 0x00007f775c0bc800 nmethod 2688 0x00007f774db59710 code [0x00007f774db59aa0, 0x00007f774db5ba78]
Event: 8.538 Thread 0x00007f775c0bc800 2689 %     3       com.android.dx.cf.code.ByteCatchList::toRopCatchList @ 24 (57 bytes)
Event: 8.539 Thread 0x00007f775c0bc800 nmethod 2689% 0x00007f774d15af10 code [0x00007f774d15b160, 0x00007f774d15c288]

GC Heap History (10 events):
Event: 6.715 GC heap after
Heap after GC invocations=15 (full 2):
 PSYoungGen      total 274944K, used 24748K [0x00000000eab00000, 0x0000000100000000, 0x0000000100000000)
  eden space 200704K, 0% used [0x00000000eab00000,0x00000000eab00000,0x00000000f6f00000)
  from space 74240K, 33% used [0x00000000f6f00000,0x00000000f872b1a0,0x00000000fb780000)
  to   space 69632K, 0% used [0x00000000fbc00000,0x00000000fbc00000,0x0000000100000000)
 ParOldGen       total 306176K, used 182903K [0x00000000c0000000, 0x00000000d2b00000, 0x00000000eab00000)
  object space 306176K, 59% used [0x00000000c0000000,0x00000000cb29de20,0x00000000d2b00000)
 Metaspace       used 6507K, capacity 7280K, committed 7552K, reserved 1056768K
  class space    used 593K, capacity 616K, committed 640K, reserved 1048576K
}
Event: 7.125 GC heap before
{Heap before GC invocations=16 (full 2):
 PSYoungGen      total 274944K, used 225452K [0x00000000eab00000, 0x0000000100000000, 0x0000000100000000)
  eden space 200704K, 100% used [0x00000000eab00000,0x00000000f6f00000,0x00000000f6f00000)
  from space 74240K, 33% used [0x00000000f6f00000,0x00000000f872b1a0,0x00000000fb780000)
  to   space 69632K, 0% used [0x00000000fbc00000,0x00000000fbc00000,0x0000000100000000)
 ParOldGen       total 306176K, used 182903K [0x00000000c0000000, 0x00000000d2b00000, 0x00000000eab00000)
  object space 306176K, 59% used [0x00000000c0000000,0x00000000cb29de20,0x00000000d2b00000)
 Metaspace       used 6518K, capacity 7280K, committed 7552K, reserved 1056768K
  class space    used 593K, capacity 616K, committed 640K, reserved 1048576K
Event: 7.264 GC heap after
Heap after GC invocations=16 (full 2):
 PSYoungGen      total 265216K, used 31256K [0x00000000eab00000, 0x00000000ff680000, 0x0000000100000000)
  eden space 205312K, 0% used [0x00000000eab00000,0x00000000eab00000,0x00000000f7380000)
  from space 59904K, 52% used [0x00000000fbc00000,0x00000000fda861d8,0x00000000ff680000)
  to   space 67072K, 0% used [0x00000000f7380000,0x00000000f7380000,0x00000000fb500000)
 ParOldGen       total 306176K, used 206823K [0x00000000c0000000, 0x00000000d2b00000, 0x00000000eab00000)
  object space 306176K, 67% used [0x00000000c0000000,0x00000000cc9f9c60,0x00000000d2b00000)
 Metaspace       used 6518K, capacity 7280K, committed 7552K, reserved 1056768K
  class space    used 593K, capacity 616K, committed 640K, reserved 1048576K
}
Event: 7.782 GC heap before
{Heap before GC invocations=17 (full 2):
 PSYoungGen      total 265216K, used 236568K [0x00000000eab00000, 0x00000000ff680000, 0x0000000100000000)
  eden space 205312K, 100% used [0x00000000eab00000,0x00000000f7380000,0x00000000f7380000)
  from space 59904K, 52% used [0x00000000fbc00000,0x00000000fda861d8,0x00000000ff680000)
  to   space 67072K, 0% used [0x00000000f7380000,0x00000000f7380000,0x00000000fb500000)
 ParOldGen       total 306176K, used 206823K [0x00000000c0000000, 0x00000000d2b00000, 0x00000000eab00000)
  object space 306176K, 67% used [0x00000000c0000000,0x00000000cc9f9c60,0x00000000d2b00000)
 Metaspace       used 6531K, capacity 7280K, committed 7552K, reserved 1056768K
  class space    used 594K, capacity 616K, committed 640K, reserved 1048576K
Event: 7.842 GC heap after
Heap after GC invocations=17 (full 2):
 PSYoungGen      total 272384K, used 61947K [0x00000000eab00000, 0x0000000100000000, 0x0000000100000000)
  eden space 205312K, 0% used [0x00000000eab00000,0x00000000eab00000,0x00000000f7380000)
  from space 67072K, 92% used [0x00000000f7380000,0x00000000faffed18,0x00000000fb500000)
  to   space 75264K, 0% used [0x00000000fb680000,0x00000000fb680000,0x0000000100000000)
 ParOldGen       total 306176K, used 206823K [0x00000000c0000000, 0x00000000d2b00000, 0x00000000eab00000)
  object space 306176K, 67% used [0x00000000c0000000,0x00000000cc9f9c60,0x00000000d2b00000)
 Metaspace       used 6531K, capacity 7280K, committed 7552K, reserved 1056768K
  class space    used 594K, capacity 616K, committed 640K, reserved 1048576K
}
Event: 8.218 GC heap before
{Heap before GC invocations=18 (full 2):
 PSYoungGen      total 272384K, used 267259K [0x00000000eab00000, 0x0000000100000000, 0x0000000100000000)
  eden space 205312K, 100% used [0x00000000eab00000,0x00000000f7380000,0x00000000f7380000)
  from space 67072K, 92% used [0x00000000f7380000,0x00000000faffed18,0x00000000fb500000)
  to   space 75264K, 0% used [0x00000000fb680000,0x00000000fb680000,0x0000000100000000)
 ParOldGen       total 306176K, used 206823K [0x00000000c0000000, 0x00000000d2b00000, 0x00000000eab00000)
  object space 306176K, 67% used [0x00000000c0000000,0x00000000cc9f9c60,0x00000000d2b00000)
 Metaspace       used 6535K, capacity 7280K, committed 7552K, reserved 1056768K
  class space    used 594K, capacity 616K, committed 640K, reserved 1048576K
Event: 8.324 GC heap after
Heap after GC invocations=18 (full 2):
 PSYoungGen      total 236032K, used 75252K [0x00000000eab00000, 0x0000000100000000, 0x0000000100000000)
  eden space 160768K, 0% used [0x00000000eab00000,0x00000000eab00000,0x00000000f4800000)
  from space 75264K, 99% used [0x00000000fb680000,0x00000000ffffd378,0x0000000100000000)
  to   space 94208K, 0% used [0x00000000f4800000,0x00000000f4800000,0x00000000fa400000)
 ParOldGen       total 306176K, used 225447K [0x00000000c0000000, 0x00000000d2b00000, 0x00000000eab00000)
  object space 306176K, 73% used [0x00000000c0000000,0x00000000cdc29c28,0x00000000d2b00000)
 Metaspace       used 6535K, capacity 7280K, committed 7552K, reserved 1056768K
  class space    used 594K, capacity 616K, committed 640K, reserved 1048576K
}
Event: 8.572 GC heap before
{Heap before GC invocations=19 (full 2):
 PSYoungGen      total 236032K, used 236020K [0x00000000eab00000, 0x0000000100000000, 0x0000000100000000)
  eden space 160768K, 100% used [0x00000000eab00000,0x00000000f4800000,0x00000000f4800000)
  from space 75264K, 99% used [0x00000000fb680000,0x00000000ffffd378,0x0000000100000000)
  to   space 94208K, 0% used [0x00000000f4800000,0x00000000f4800000,0x00000000fa400000)
 ParOldGen       total 306176K, used 225447K [0x00000000c0000000, 0x00000000d2b00000, 0x00000000eab00000)
  object space 306176K, 73% used [0x00000000c0000000,0x00000000cdc29c28,0x00000000d2b00000)
 Metaspace       used 6535K, capacity 7280K, committed 7552K, reserved 1056768K
  class space    used 594K, capacity 616K, committed 640K, reserved 1048576K
Event: 8.672 GC heap after
Heap after GC invocations=19 (full 2):
 PSYoungGen      total 254976K, used 47205K [0x00000000eab00000, 0x0000000100000000, 0x0000000100000000)
  eden space 160768K, 0% used [0x00000000eab00000,0x00000000eab00000,0x00000000f4800000)
  from space 94208K, 50% used [0x00000000f4800000,0x00000000f76197f8,0x00000000fa400000)
  to   space 91648K, 0% used [0x00000000fa680000,0x00000000fa680000,0x0000000100000000)
 ParOldGen       total 306176K, used 272787K [0x00000000c0000000, 0x00000000d2b00000, 0x00000000eab00000)
  object space 306176K, 89% used [0x00000000c0000000,0x00000000d0a64de8,0x00000000d2b00000)
 Metaspace       used 6535K, capacity 7280K, committed 7552K, reserved 1056768K
  class space    used 594K, capacity 616K, committed 640K, reserved 1048576K
}
Event: 8.672 GC heap before
{Heap before GC invocations=20 (full 3):
 PSYoungGen      total 254976K, used 47205K [0x00000000eab00000, 0x0000000100000000, 0x0000000100000000)
  eden space 160768K, 0% used [0x00000000eab00000,0x00000000eab00000,0x00000000f4800000)
  from space 94208K, 50% used [0x00000000f4800000,0x00000000f76197f8,0x00000000fa400000)
  to   space 91648K, 0% used [0x00000000fa680000,0x00000000fa680000,0x0000000100000000)
 ParOldGen       total 306176K, used 272787K [0x00000000c0000000, 0x00000000d2b00000, 0x00000000eab00000)
  object space 306176K, 89% used [0x00000000c0000000,0x00000000d0a64de8,0x00000000d2b00000)
 Metaspace       used 6535K, capacity 7280K, committed 7552K, reserved 1056768K
  class space    used 594K, capacity 616K, committed 640K, reserved 1048576K

Deoptimization events (10 events):
Event: 5.665 Thread 0x00007f775c1c3800 Uncommon trap: reason=unstable_if action=reinterpret pc=0x00007f774da1ff9c method=com.android.dx.ssa.SCCP.simulateBranch(Lcom/android/dx/ssa/SsaInsn;)V @ 140
Event: 6.724 Thread 0x00007f775c1c2000 Uncommon trap: reason=unstable_if action=reinterpret pc=0x00007f774da7c9a8 method=com.android.dx.ssa.back.FirstFitLocalCombiningAllocator.getAlignment(I)Lcom/android/dx/ssa/back/FirstFitLocalCombiningAllocator$Alignment; @ 6
Event: 6.945 Thread 0x00007f775c1c3800 Uncommon trap: reason=unstable_if action=reinterpret pc=0x00007f774d9671f8 method=java.util.HashMap.putVal(ILjava/lang/Object;Ljava/lang/Object;ZZ)Ljava/lang/Object; @ 109
Event: 6.981 Thread 0x00007f775c00a000 Uncommon trap: reason=unstable_if action=reinterpret pc=0x00007f774daeb298 method=com.android.dx.ssa.SsaMethod.blockIndexToRopLabel(I)I @ 1
Event: 7.009 Thread 0x00007f775c1c3800 Uncommon trap: reason=unstable_if action=reinterpret pc=0x00007f774da5e8ac method=com.android.dx.rop.code.LocalVariableExtractor.processBlock(I)V @ 208
Event: 7.012 Thread 0x00007f775c1c0800 Uncommon trap: reason=bimorphic action=maybe_recompile pc=0x00007f774d94e10c method=com.android.dx.cf.code.BytecodeArray.parseInstruction(ILcom/android/dx/cf/code/BytecodeArray$Visitor;)I @ 891
Event: 7.012 Thread 0x00007f775c1c0800 Uncommon trap: reason=bimorphic action=maybe_recompile pc=0x00007f774d94e10c method=com.android.dx.cf.code.BytecodeArray.parseInstruction(ILcom/android/dx/cf/code/BytecodeArray$Visitor;)I @ 891
Event: 7.084 Thread 0x00007f775c1c3800 Uncommon trap: reason=unstable_if action=reinterpret pc=0x00007f774db0c3dc method=com.android.dx.rop.type.Type.isReference()Z @ 6
Event: 7.874 Thread 0x00007f775c1bd000 Uncommon trap: reason=bimorphic action=maybe_recompile pc=0x00007f774db233f0 method=com.android.dx.cf.code.BytecodeArray.parseInstruction(ILcom/android/dx/cf/code/BytecodeArray$Visitor;)I @ 1003
Event: 7.874 Thread 0x00007f775c1bd000 Uncommon trap: reason=bimorphic action=maybe_recompile pc=0x00007f774db233f0 method=com.android.dx.cf.code.BytecodeArray.parseInstruction(ILcom/android/dx/cf/code/BytecodeArray$Visitor;)I @ 1003

Internal exceptions (8 events):
Event: 0.030 Thread 0x00007f775c00a000 Exception <a 'java/lang/NoSuchMethodError': Method sun.misc.Unsafe.defineClass(Ljava/lang/String;[BII)Ljava/lang/Class; name or signature does not match> (0x00000000eab07cc0) thrown at [/ssd/Android/AOSP-openjdk/external/jetbrains/jdk/hotspot/src/share/vm
Event: 0.030 Thread 0x00007f775c00a000 Exception <a 'java/lang/NoSuchMethodError': Method sun.misc.Unsafe.prefetchRead(Ljava/lang/Object;J)V name or signature does not match> (0x00000000eab07fa8) thrown at [/ssd/Android/AOSP-openjdk/external/jetbrains/jdk/hotspot/src/share/vm/prims/jni.cpp, li
Event: 0.799 Thread 0x00007f775c1c0800 Implicit null exception at 0x00007f774d2ee993 to 0x00007f774d2f0ef9
Event: 0.868 Thread 0x00007f775c1c3800 Implicit null exception at 0x00007f774d2fc3b8 to 0x00007f774d2fe771
Event: 1.039 Thread 0x00007f775c1bd000 Implicit null exception at 0x00007f774d3d814d to 0x00007f774d3d8329
Event: 1.673 Thread 0x00007f775c1c3800 Exception <a 'java/lang/ArrayIndexOutOfBoundsException': 18> (0x00000000ef0d3750) thrown at [/ssd/Android/AOSP-openjdk/external/jetbrains/jdk/hotspot/src/share/vm/interpreter/interpreterRuntime.cpp, line 366]
Event: 1.673 Thread 0x00007f775c1c3800 Exception <a 'java/lang/ArrayIndexOutOfBoundsException': 145> (0x00000000ef0d52d0) thrown at [/ssd/Android/AOSP-openjdk/external/jetbrains/jdk/hotspot/src/share/vm/interpreter/interpreterRuntime.cpp, line 366]
Event: 1.674 Thread 0x00007f775c1c3800 Exception <a 'java/lang/ArrayIndexOutOfBoundsException'> (0x00000000ef0d65b8) thrown at [/ssd/Android/AOSP-openjdk/external/jetbrains/jdk/hotspot/src/share/vm/runtime/sharedRuntime.cpp, line 605]

Events (10 events):
Event: 8.514 Thread 0x00007f775c1c2000 DEOPT UNPACKING pc=0x00007f774d047373 sp=0x00007f773f9f7dc8 mode 0
Event: 8.525 Thread 0x00007f775c1bd000 DEOPT PACKING pc=0x00007f774d6194f9 sp=0x00007f773fcfb1d0
Event: 8.525 Thread 0x00007f775c1bd000 DEOPT UNPACKING pc=0x00007f774d047373 sp=0x00007f773fcfaf80 mode 0
Event: 8.531 Thread 0x00007f775c1c3800 DEOPT PACKING pc=0x00007f774d33d2a0 sp=0x00007f773f8f70a0
Event: 8.531 Thread 0x00007f775c1c3800 DEOPT UNPACKING pc=0x00007f774d047373 sp=0x00007f773f8f6ea0 mode 0
Event: 8.537 Thread 0x00007f775c1c2000 DEOPT PACKING pc=0x00007f774d6194f9 sp=0x00007f773f9f81d0
Event: 8.537 Thread 0x00007f775c1c2000 DEOPT UNPACKING pc=0x00007f774d047373 sp=0x00007f773f9f7f80 mode 0
Event: 8.544 Thread 0x00007f775c1bd000 DEOPT PACKING pc=0x00007f774d39b3eb sp=0x00007f773fcfb1a0
Event: 8.544 Thread 0x00007f775c1bd000 DEOPT UNPACKING pc=0x00007f774d047373 sp=0x00007f773fcfaee0 mode 0
Event: 8.572 Executing VM operation: ParallelGCFailedAllocation


Dynamic libraries:
00400000-00401000 r-xp 00000000 08:06 2891934                            /home/trtcpu007/Softwares/android-studio/jre/bin/java
00600000-00601000 r--p 00000000 08:06 2891934                            /home/trtcpu007/Softwares/android-studio/jre/bin/java
00601000-00602000 rw-p 00001000 08:06 2891934                            /home/trtcpu007/Softwares/android-studio/jre/bin/java
00de3000-00e04000 rw-p 00000000 00:00 0                                  [heap]
c0000000-d2b00000 rw-p 00000000 00:00 0 
dc500000-eab00000 ---p 00000000 00:00 0 
eab00000-100000000 rw-p 00000000 00:00 0 
100000000-1000a0000 rw-p 00000000 00:00 0 
1000a0000-140000000 ---p 00000000 00:00 0 
7f76f8000000-7f76f8021000 rw-p 00000000 00:00 0 
7f76f8021000-7f76fc000000 ---p 00000000 00:00 0 
7f7700000000-7f7700023000 rw-p 00000000 00:00 0 
7f7700023000-7f7704000000 ---p 00000000 00:00 0 
7f7704000000-7f7704033000 rw-p 00000000 00:00 0 
7f7704033000-7f7708000000 ---p 00000000 00:00 0 
7f7708000000-7f770802e000 rw-p 00000000 00:00 0 
7f770802e000-7f770c000000 ---p 00000000 00:00 0 
7f770c000000-7f770c021000 rw-p 00000000 00:00 0 
7f770c021000-7f7710000000 ---p 00000000 00:00 0 
7f7710000000-7f7710021000 rw-p 00000000 00:00 0 
7f7710021000-7f7714000000 ---p 00000000 00:00 0 
7f7714000000-7f7714021000 rw-p 00000000 00:00 0 
7f7714021000-7f7718000000 ---p 00000000 00:00 0 
7f7718000000-7f771907b000 rw-p 00000000 00:00 0 
7f771907b000-7f771c000000 ---p 00000000 00:00 0 
7f771c000000-7f771c761000 rw-p 00000000 00:00 0 
7f771c761000-7f7720000000 ---p 00000000 00:00 0 
7f7720000000-7f7720021000 rw-p 00000000 00:00 0 
7f7720021000-7f7724000000 ---p 00000000 00:00 0 
7f7724000000-7f7725552000 rw-p 00000000 00:00 0 
7f7725552000-7f7728000000 ---p 00000000 00:00 0 
7f7728000000-7f7728021000 rw-p 00000000 00:00 0 
7f7728021000-7f772c000000 ---p 00000000 00:00 0 
7f772c000000-7f772c021000 rw-p 00000000 00:00 0 
7f772c021000-7f7730000000 ---p 00000000 00:00 0 
7f7730000000-7f7730021000 rw-p 00000000 00:00 0 
7f7730021000-7f7734000000 ---p 00000000 00:00 0 
7f7734000000-7f7734280000 rw-p 00000000 00:00 0 
7f7734280000-7f7738000000 ---p 00000000 00:00 0 
7f7738000000-7f7738021000 rw-p 00000000 00:00 0 
7f7738021000-7f773c000000 ---p 00000000 00:00 0 
7f773f7f8000-7f773f7fb000 ---p 00000000 00:00 0 
7f773f7fb000-7f773f8f9000 rw-p 00000000 00:00 0 
7f773f8f9000-7f773f8fc000 ---p 00000000 00:00 0 
7f773f8fc000-7f773f9fa000 rw-p 00000000 00:00 0 
7f773f9fa000-7f773f9fd000 ---p 00000000 00:00 0 
7f773f9fd000-7f773fafb000 rw-p 00000000 00:00 0 
7f773fafb000-7f773fafe000 ---p 00000000 00:00 0 
7f773fafe000-7f773fbfc000 rw-p 00000000 00:00 0 
7f773fbfc000-7f773fbff000 ---p 00000000 00:00 0 
7f773fbff000-7f773fcfd000 rw-p 00000000 00:00 0 
7f773fcfd000-7f773fcfe000 ---p 00000000 00:00 0 
7f773fcfe000-7f773fdfe000 rw-p 00000000 00:00 0 
7f773fdfe000-7f773fe01000 ---p 00000000 00:00 0 
7f773fe01000-7f773feff000 rw-p 00000000 00:00 0 
7f773feff000-7f773ff02000 ---p 00000000 00:00 0 
7f773ff02000-7f7740000000 rw-p 00000000 00:00 0 
7f7740000000-7f7740021000 rw-p 00000000 00:00 0 
7f7740021000-7f7744000000 ---p 00000000 00:00 0 
7f774404a000-7f774409d000 r--s 00420000 08:06 17565178                   /home/trtcpu007/TRT_Projects/NUVO/Source/Nuvo_20160808/app/build/intermediates/transforms/jarMerging/debug/jars/1/1f/combined.jar
7f774409d000-7f77440a0000 ---p 00000000 00:00 0 
7f77440a0000-7f774419e000 rw-p 00000000 00:00 0 
7f774419e000-7f77441a1000 ---p 00000000 00:00 0 
7f77441a1000-7f774429f000 rw-p 00000000 00:00 0 
7f774429f000-7f77442a2000 ---p 00000000 00:00 0 
7f77442a2000-7f77443a0000 rw-p 00000000 00:00 0 
7f77443a0000-7f7744d5f000 r--p 00000000 08:05 9151                       /usr/lib/locale/locale-archive
7f7744d5f000-7f7744d62000 ---p 00000000 00:00 0 
7f7744d62000-7f7744e60000 rw-p 00000000 00:00 0 
7f7744e60000-7f7744e63000 ---p 00000000 00:00 0 
7f7744e63000-7f7744f61000 rw-p 00000000 00:00 0 
7f7744f61000-7f7744f62000 ---p 00000000 00:00 0 
7f7744f62000-7f7748000000 rw-p 00000000 00:00 0 
7f7748000000-7f7748021000 rw-p 00000000 00:00 0 
7f7748021000-7f774c000000 ---p 00000000 00:00 0 
7f774c00e000-7f774c02f000 rw-p 00000000 00:00 0 
7f774c02f000-7f774c1fc000 r--s 03bec000 08:06 2891970                    /home/trtcpu007/Softwares/android-studio/jre/jre/lib/rt.jar
7f774c1fc000-7f774c8bc000 rw-p 00000000 00:00 0 
7f774c8bc000-7f774c9fc000 ---p 00000000 00:00 0 
7f774c9fc000-7f774cbfc000 rw-p 00000000 00:00 0 
7f774cbfc000-7f774cbfd000 ---p 00000000 00:00 0 
7f774cbfd000-7f774ccfd000 rw-p 00000000 00:00 0 
7f774ccfd000-7f774ccfe000 ---p 00000000 00:00 0 
7f774ccfe000-7f774cdfe000 rw-p 00000000 00:00 0 
7f774cdfe000-7f774cdff000 ---p 00000000 00:00 0 
7f774cdff000-7f774ceff000 rw-p 00000000 00:00 0 
7f774ceff000-7f774cf00000 ---p 00000000 00:00 0 
7f774cf00000-7f774d000000 rw-p 00000000 00:00 0 
7f774d000000-7f774db80000 rwxp 00000000 00:00 0 
7f774db80000-7f775c000000 ---p 00000000 00:00 0 
7f775c000000-7f775c3ad000 rw-p 00000000 00:00 0 
7f775c3ad000-7f7760000000 ---p 00000000 00:00 0 
7f7760015000-7f7760121000 rw-p 00000000 00:00 0 
7f7760121000-7f77601e1000 ---p 00000000 00:00 0 
7f77601e1000-7f7760277000 rw-p 00000000 00:00 0 
7f7760277000-7f7760336000 ---p 00000000 00:00 0 
7f7760336000-7f77603e1000 rw-p 00000000 00:00 0 
7f77603e1000-7f7760410000 rw-p 00000000 00:00 0 
7f7760410000-7f77607a2000 ---p 00000000 00:00 0 
7f77607a2000-7f77607bc000 r-xp 00000000 08:06 3286689                    /home/trtcpu007/Softwares/android-studio/jre/jre/lib/amd64/libzip.so
7f77607bc000-7f77609bc000 ---p 0001a000 08:06 3286689                    /home/trtcpu007/Softwares/android-studio/jre/jre/lib/amd64/libzip.so
7f77609bc000-7f77609bd000 r--p 0001a000 08:06 3286689                    /home/trtcpu007/Softwares/android-studio/jre/jre/lib/amd64/libzip.so
7f77609bd000-7f77609be000 rw-p 0001b000 08:06 3286689                    /home/trtcpu007/Softwares/android-studio/jre/jre/lib/amd64/libzip.so
7f77609be000-7f77609c9000 r-xp 00000000 08:05 660792                     /lib/x86_64-linux-gnu/libnss_files-2.23.so
7f77609c9000-7f7760bc8000 ---p 0000b000 08:05 660792                     /lib/x86_64-linux-gnu/libnss_files-2.23.so
7f7760bc8000-7f7760bc9000 r--p 0000a000 08:05 660792                     /lib/x86_64-linux-gnu/libnss_files-2.23.so
7f7760bc9000-7f7760bca000 rw-p 0000b000 08:05 660792                     /lib/x86_64-linux-gnu/libnss_files-2.23.so
7f7760bca000-7f7760bd0000 rw-p 00000000 00:00 0 
7f7760bd0000-7f7760bdb000 r-xp 00000000 08:05 660802                     /lib/x86_64-linux-gnu/libnss_nis-2.23.so
7f7760bdb000-7f7760dda000 ---p 0000b000 08:05 660802                     /lib/x86_64-linux-gnu/libnss_nis-2.23.so
7f7760dda000-7f7760ddb000 r--p 0000a000 08:05 660802                     /lib/x86_64-linux-gnu/libnss_nis-2.23.so
7f7760ddb000-7f7760ddc000 rw-p 0000b000 08:05 660802                     /lib/x86_64-linux-gnu/libnss_nis-2.23.so
7f7760ddc000-7f7760df2000 r-xp 00000000 08:05 660786                     /lib/x86_64-linux-gnu/libnsl-2.23.so
7f7760df2000-7f7760ff1000 ---p 00016000 08:05 660786                     /lib/x86_64-linux-gnu/libnsl-2.23.so
7f7760ff1000-7f7760ff2000 r--p 00015000 08:05 660786                     /lib/x86_64-linux-gnu/libnsl-2.23.so
7f7760ff2000-7f7760ff3000 rw-p 00016000 08:05 660786                     /lib/x86_64-linux-gnu/libnsl-2.23.so
7f7760ff3000-7f7760ff5000 rw-p 00000000 00:00 0 
7f7760ff5000-7f7760ffd000 r-xp 00000000 08:05 660788                     /lib/x86_64-linux-gnu/libnss_compat-2.23.so
7f7760ffd000-7f77611fc000 ---p 00008000 08:05 660788                     /lib/x86_64-linux-gnu/libnss_compat-2.23.so
7f77611fc000-7f77611fd000 r--p 00007000 08:05 660788                     /lib/x86_64-linux-gnu/libnss_compat-2.23.so
7f77611fd000-7f77611fe000 rw-p 00008000 08:05 660788                     /lib/x86_64-linux-gnu/libnss_compat-2.23.so
7f77611fe000-7f776122b000 r-xp 00000000 08:06 3286699                    /home/trtcpu007/Softwares/android-studio/jre/jre/lib/amd64/libjava.so
7f776122b000-7f776142a000 ---p 0002d000 08:06 3286699                    /home/trtcpu007/Softwares/android-studio/jre/jre/lib/amd64/libjava.so
7f776142a000-7f776142b000 r--p 0002c000 08:06 3286699                    /home/trtcpu007/Softwares/android-studio/jre/jre/lib/amd64/libjava.so
7f776142b000-7f776142d000 rw-p 0002d000 08:06 3286699                    /home/trtcpu007/Softwares/android-studio/jre/jre/lib/amd64/libjava.so
7f776142d000-7f776143d000 r-xp 00000000 08:06 3286715                    /home/trtcpu007/Softwares/android-studio/jre/jre/lib/amd64/libverify.so
7f776143d000-7f776163c000 ---p 00010000 08:06 3286715                    /home/trtcpu007/Softwares/android-studio/jre/jre/lib/amd64/libverify.so
7f776163c000-7f776163e000 r--p 0000f000 08:06 3286715                    /home/trtcpu007/Softwares/android-studio/jre/jre/lib/amd64/libverify.so
7f776163e000-7f776163f000 rw-p 00011000 08:06 3286715                    /home/trtcpu007/Softwares/android-studio/jre/jre/lib/amd64/libverify.so
7f776163f000-7f7761646000 r-xp 00000000 08:05 660847                     /lib/x86_64-linux-gnu/librt-2.23.so
7f7761646000-7f7761845000 ---p 00007000 08:05 660847                     /lib/x86_64-linux-gnu/librt-2.23.so
7f7761845000-7f7761846000 r--p 00006000 08:05 660847                     /lib/x86_64-linux-gnu/librt-2.23.so
7f7761846000-7f7761847000 rw-p 00007000 08:05 660847                     /lib/x86_64-linux-gnu/librt-2.23.so
7f7761847000-7f776194f000 r-xp 00000000 08:05 660763                     /lib/x86_64-linux-gnu/libm-2.23.so
7f776194f000-7f7761b4e000 ---p 00108000 08:05 660763                     /lib/x86_64-linux-gnu/libm-2.23.so
7f7761b4e000-7f7761b4f000 r--p 00107000 08:05 660763                     /lib/x86_64-linux-gnu/libm-2.23.so
7f7761b4f000-7f7761b50000 rw-p 00108000 08:05 660763                     /lib/x86_64-linux-gnu/libm-2.23.so
7f7761b50000-7f7762736000 r-xp 00000000 08:06 3416762                    /home/trtcpu007/Softwares/android-studio/jre/jre/lib/amd64/server/libjvm.so
7f7762736000-7f7762936000 ---p 00be6000 08:06 3416762                    /home/trtcpu007/Softwares/android-studio/jre/jre/lib/amd64/server/libjvm.so
7f7762936000-7f77629d5000 r--p 00be6000 08:06 3416762                    /home/trtcpu007/Softwares/android-studio/jre/jre/lib/amd64/server/libjvm.so
7f77629d5000-7f77629fe000 rw-p 00c85000 08:06 3416762                    /home/trtcpu007/Softwares/android-studio/jre/jre/lib/amd64/server/libjvm.so
7f77629fe000-7f7762a40000 rw-p 00000000 00:00 0 
7f7762a40000-7f7762a58000 r-xp 00000000 08:05 660839                     /lib/x86_64-linux-gnu/libpthread-2.23.so
7f7762a58000-7f7762c57000 ---p 00018000 08:05 660839                     /lib/x86_64-linux-gnu/libpthread-2.23.so
7f7762c57000-7f7762c58000 r--p 00017000 08:05 660839                     /lib/x86_64-linux-gnu/libpthread-2.23.so
7f7762c58000-7f7762c59000 rw-p 00018000 08:05 660839                     /lib/x86_64-linux-gnu/libpthread-2.23.so
7f7762c59000-7f7762c5d000 rw-p 00000000 00:00 0 
7f7762c5d000-7f7762c60000 r-xp 00000000 08:05 660717                     /lib/x86_64-linux-gnu/libdl-2.23.so
7f7762c60000-7f7762e5f000 ---p 00003000 08:05 660717                     /lib/x86_64-linux-gnu/libdl-2.23.so
7f7762e5f000-7f7762e60000 r--p 00002000 08:05 660717                     /lib/x86_64-linux-gnu/libdl-2.23.so
7f7762e60000-7f7762e61000 rw-p 00003000 08:05 660717                     /lib/x86_64-linux-gnu/libdl-2.23.so
7f7762e61000-7f7763021000 r-xp 00000000 08:05 660693                     /lib/x86_64-linux-gnu/libc-2.23.so
7f7763021000-7f7763220000 ---p 001c0000 08:05 660693                     /lib/x86_64-linux-gnu/libc-2.23.so
7f7763220000-7f7763224000 r--p 001bf000 08:05 660693                     /lib/x86_64-linux-gnu/libc-2.23.so
7f7763224000-7f7763226000 rw-p 001c3000 08:05 660693                     /lib/x86_64-linux-gnu/libc-2.23.so
7f7763226000-7f776322a000 rw-p 00000000 00:00 0 
7f776322a000-7f7763240000 r-xp 00000000 08:06 2891910                    /home/trtcpu007/Softwares/android-studio/jre/lib/amd64/jli/libjli.so
7f7763240000-7f776343f000 ---p 00016000 08:06 2891910                    /home/trtcpu007/Softwares/android-studio/jre/lib/amd64/jli/libjli.so
7f776343f000-7f7763440000 r--p 00015000 08:06 2891910                    /home/trtcpu007/Softwares/android-studio/jre/lib/amd64/jli/libjli.so
7f7763440000-7f7763441000 rw-p 00016000 08:06 2891910                    /home/trtcpu007/Softwares/android-studio/jre/lib/amd64/jli/libjli.so
7f7763441000-7f7763467000 r-xp 00000000 08:05 660665                     /lib/x86_64-linux-gnu/ld-2.23.so
7f776346d000-7f7763546000 rw-p 00000000 00:00 0 
7f7763546000-7f7763549000 ---p 00000000 00:00 0 
7f7763549000-7f776364b000 rw-p 00000000 00:00 0 
7f776364b000-7f776365a000 r--s 000df000 08:06 2363327                    /home/trtcpu007/Android/Sdk/build-tools/23.0.3/lib/dx.jar
7f776365a000-7f7763662000 rw-s 00000000 08:05 831332                     /tmp/hsperfdata_trtcpu007/11483
7f7763662000-7f7763663000 rw-p 00000000 00:00 0 
7f7763663000-7f7763664000 ---p 00000000 00:00 0 
7f7763664000-7f7763666000 rw-p 00000000 00:00 0 
7f7763666000-7f7763667000 r--p 00025000 08:05 660665                     /lib/x86_64-linux-gnu/ld-2.23.so
7f7763667000-7f7763668000 rw-p 00026000 08:05 660665                     /lib/x86_64-linux-gnu/ld-2.23.so
7f7763668000-7f7763669000 rw-p 00000000 00:00 0 
7ffe5fdb1000-7ffe5fdd3000 rw-p 00000000 00:00 0                          [stack]
7ffe5fdd8000-7ffe5fdda000 r--p 00000000 00:00 0                          [vvar]
7ffe5fdda000-7ffe5fddc000 r-xp 00000000 00:00 0                          [vdso]
ffffffffff600000-ffffffffff601000 r-xp 00000000 00:00 0                  [vsyscall]

VM Arguments:
jvm_args: -Djava.awt.headless=true -Xmx1024M -Dfile.encoding=UTF-8 -Duser.country=IN -Duser.language=en -Duser.variant 
java_command: com.android.dx.command.Main --dex --num-threads=4 --multi-dex --main-dex-list /home/trtcpu007/TRT_Projects/NUVO/Source/Nuvo_20160808/app/build/intermediates/multi-dex/debug/maindexlist.txt --output /home/trtcpu007/TRT_Projects/NUVO/Source/Nuvo_20160808/app/build/intermediates/transforms/dex/debug/folders/1000/1f/main /home/trtcpu007/TRT_Projects/NUVO/Source/Nuvo_20160808/app/build/intermediates/transforms/jarMerging/debug/jars/1/1f/combined.jar
java_class_path (initial): /home/trtcpu007/Android/Sdk/build-tools/23.0.3/lib/dx.jar
Launcher Type: SUN_STANDARD

Environment Variables:
PATH=/usr/local/sbin:/usr/local/bin:/usr/sbin:/usr/bin:/sbin:/bin:/usr/games:/usr/local/games:/snap/bin
LD_LIBRARY_PATH=.:
SHELL=/bin/bash
DISPLAY=:0

Signal Handlers:
SIGSEGV: [libjvm.so+0x9daac0], sa_mask[0]=11111111011111111101111111111110, sa_flags=SA_RESTART|SA_SIGINFO
SIGBUS: [libjvm.so+0x9daac0], sa_mask[0]=11111111011111111101111111111110, sa_flags=SA_RESTART|SA_SIGINFO
SIGFPE: [libjvm.so+0x840d90], sa_mask[0]=11111111011111111101111111111110, sa_flags=SA_RESTART|SA_SIGINFO
SIGPIPE: [libjvm.so+0x840d90], sa_mask[0]=11111111011111111101111111111110, sa_flags=SA_RESTART|SA_SIGINFO
SIGXFSZ: [libjvm.so+0x840d90], sa_mask[0]=11111111011111111101111111111110, sa_flags=SA_RESTART|SA_SIGINFO
SIGILL: [libjvm.so+0x840d90], sa_mask[0]=11111111011111111101111111111110, sa_flags=SA_RESTART|SA_SIGINFO
SIGUSR1: SIG_DFL, sa_mask[0]=00000000000000000000000000000000, sa_flags=none
SIGUSR2: [libjvm.so+0x840c60], sa_mask[0]=00100000000000000000000000000000, sa_flags=SA_RESTART|SA_SIGINFO
SIGHUP: [libjvm.so+0x840e50], sa_mask[0]=11111111011111111101111111111110, sa_flags=SA_RESTART|SA_SIGINFO
SIGINT: [libjvm.so+0x840e50], sa_mask[0]=11111111011111111101111111111110, sa_flags=SA_RESTART|SA_SIGINFO
SIGTERM: [libjvm.so+0x840e50], sa_mask[0]=11111111011111111101111111111110, sa_flags=SA_RESTART|SA_SIGINFO
SIGQUIT: [libjvm.so+0x840e50], sa_mask[0]=11111111011111111101111111111110, sa_flags=SA_RESTART|SA_SIGINFO


---------------  S Y S T E M  ---------------

OS:DISTRIB_ID=Ubuntu
DISTRIB_RELEASE=16.04
DISTRIB_CODENAME=xenial
DISTRIB_DESCRIPTION="Ubuntu 16.04 LTS"

uname:Linux 4.4.0-31-generic #50-Ubuntu SMP Wed Jul 13 00:07:12 UTC 2016 x86_64
libc:glibc 2.23 NPTL 2.23 
rlimit: STACK 8192k, CORE 0k, NPROC 31269, NOFILE 65536, AS infinity
load average:1.85 1.06 0.89

/proc/meminfo:
MemTotal:        8043556 kB
MemFree:          133940 kB
MemAvailable:      58144 kB
Buffers:            1316 kB
Cached:           364016 kB
SwapCached:        13476 kB
Active:          6403624 kB
Inactive:        1331628 kB
Active(anon):    6365852 kB
Inactive(anon):  1293636 kB
Active(file):      37772 kB
Inactive(file):    37992 kB
Unevictable:          16 kB
Mlocked:              16 kB
SwapTotal:        496636 kB
SwapFree:              0 kB
Dirty:              8268 kB
Writeback:             0 kB
AnonPages:       7356540 kB
Mapped:           167704 kB
Shmem:            289512 kB
Slab:              79040 kB
SReclaimable:      42576 kB
SUnreclaim:        36464 kB
KernelStack:        9968 kB
PageTables:        46568 kB
NFS_Unstable:          0 kB
Bounce:                0 kB
WritebackTmp:          0 kB
CommitLimit:     4518412 kB
Committed_AS:   11526384 kB
VmallocTotal:   34359738367 kB
VmallocUsed:           0 kB
VmallocChunk:          0 kB
HardwareCorrupted:     0 kB
AnonHugePages:   4415488 kB
CmaTotal:              0 kB
CmaFree:               0 kB
HugePages_Total:       0
HugePages_Free:        0
HugePages_Rsvd:        0
HugePages_Surp:        0
Hugepagesize:       2048 kB
DirectMap4k:      157096 kB
DirectMap2M:     6002688 kB
DirectMap1G:     3145728 kB


CPU:total 4 (4 cores per cpu, 1 threads per core) family 6 model 60 stepping 3, cmov, cx8, fxsr, mmx, sse, sse2, sse3, ssse3, sse4.1, sse4.2, popcnt, avx, avx2, aes, clmul, erms, lzcnt, tsc, tscinvbit, bmi1, bmi2

/proc/cpuinfo:
processor	: 0
vendor_id	: GenuineIntel
cpu family	: 6
model		: 60
model name	: Intel(R) Core(TM) i5-4440S CPU @ 2.80GHz
stepping	: 3
microcode	: 0x1e
cpu MHz		: 2802.406
cache size	: 6144 KB
physical id	: 0
siblings	: 4
core id		: 0
cpu cores	: 4
apicid		: 0
initial apicid	: 0
fpu		: yes
fpu_exception	: yes
cpuid level	: 13
wp		: yes
flags		: fpu vme de pse tsc msr pae mce cx8 apic sep mtrr pge mca cmov pat pse36 clflush dts acpi mmx fxsr sse sse2 ss ht tm pbe syscall nx pdpe1gb rdtscp lm constant_tsc arch_perfmon pebs bts rep_good nopl xtopology nonstop_tsc aperfmperf eagerfpu pni pclmulqdq dtes64 monitor ds_cpl vmx est tm2 ssse3 sdbg fma cx16 xtpr pdcm pcid sse4_1 sse4_2 x2apic movbe popcnt tsc_deadline_timer aes xsave avx f16c rdrand lahf_lm abm epb tpr_shadow vnmi flexpriority ept vpid fsgsbase tsc_adjust bmi1 avx2 smep bmi2 erms invpcid xsaveopt dtherm ida arat pln pts
bugs		:
bogomips	: 5586.75
clflush size	: 64
cache_alignment	: 64
address sizes	: 39 bits physical, 48 bits virtual
power management:

processor	: 1
vendor_id	: GenuineIntel
cpu family	: 6
model		: 60
model name	: Intel(R) Core(TM) i5-4440S CPU @ 2.80GHz
stepping	: 3
microcode	: 0x1e
cpu MHz		: 2820.671
cache size	: 6144 KB
physical id	: 0
siblings	: 4
core id		: 1
cpu cores	: 4
apicid		: 2
initial apicid	: 2
fpu		: yes
fpu_exception	: yes
cpuid level	: 13
wp		: yes
flags		: fpu vme de pse tsc msr pae mce cx8 apic sep mtrr pge mca cmov pat pse36 clflush dts acpi mmx fxsr sse sse2 ss ht tm pbe syscall nx pdpe1gb rdtscp lm constant_tsc arch_perfmon pebs bts rep_good nopl xtopology nonstop_tsc aperfmperf eagerfpu pni pclmulqdq dtes64 monitor ds_cpl vmx est tm2 ssse3 sdbg fma cx16 xtpr pdcm pcid sse4_1 sse4_2 x2apic movbe popcnt tsc_deadline_timer aes xsave avx f16c rdrand lahf_lm abm epb tpr_shadow vnmi flexpriority ept vpid fsgsbase tsc_adjust bmi1 avx2 smep bmi2 erms invpcid xsaveopt dtherm ida arat pln pts
bugs		:
bogomips	: 5586.75
clflush size	: 64
cache_alignment	: 64
address sizes	: 39 bits physical, 48 bits virtual
power management:

processor	: 2
vendor_id	: GenuineIntel
cpu family	: 6
model		: 60
model name	: Intel(R) Core(TM) i5-4440S CPU @ 2.80GHz
stepping	: 3
microcode	: 0x1e
cpu MHz		: 2800.000
cache size	: 6144 KB
physical id	: 0
siblings	: 4
core id		: 2
cpu cores	: 4
apicid		: 4
initial apicid	: 4
fpu		: yes
fpu_exception	: yes
cpuid level	: 13
wp		: yes
flags		: fpu vme de pse tsc msr pae mce cx8 apic sep mtrr pge mca cmov pat pse36 clflush dts acpi mmx fxsr sse sse2 ss ht tm pbe syscall nx pdpe1gb rdtscp lm constant_tsc arch_perfmon pebs bts rep_good nopl xtopology nonstop_tsc aperfmperf eagerfpu pni pclmulqdq dtes64 monitor ds_cpl vmx est tm2 ssse3 sdbg fma cx16 xtpr pdcm pcid sse4_1 sse4_2 x2apic movbe popcnt tsc_deadline_timer aes xsave avx f16c rdrand lahf_lm abm epb tpr_shadow vnmi flexpriority ept vpid fsgsbase tsc_adjust bmi1 avx2 smep bmi2 erms invpcid xsaveopt dtherm ida arat pln pts
bugs		:
bogomips	: 5586.75
clflush size	: 64
cache_alignment	: 64
address sizes	: 39 bits physical, 48 bits virtual
power management:

processor	: 3
vendor_id	: GenuineIntel
cpu family	: 6
model		: 60
model name	: Intel(R) Core(TM) i5-4440S CPU @ 2.80GHz
stepping	: 3
microcode	: 0x1e
cpu MHz		: 2972.156
cache size	: 6144 KB
physical id	: 0
siblings	: 4
core id		: 3
cpu cores	: 4
apicid		: 6
initial apicid	: 6
fpu		: yes
fpu_exception	: yes
cpuid level	: 13
wp		: yes
flags		: fpu vme de pse tsc msr pae mce cx8 apic sep mtrr pge mca cmov pat pse36 clflush dts acpi mmx fxsr sse sse2 ss ht tm pbe syscall nx pdpe1gb rdtscp lm constant_tsc arch_perfmon pebs bts rep_good nopl xtopology nonstop_tsc aperfmperf eagerfpu pni pclmulqdq dtes64 monitor ds_cpl vmx est tm2 ssse3 sdbg fma cx16 xtpr pdcm pcid sse4_1 sse4_2 x2apic movbe popcnt tsc_deadline_timer aes xsave avx f16c rdrand lahf_lm abm epb tpr_shadow vnmi flexpriority ept vpid fsgsbase tsc_adjust bmi1 avx2 smep bmi2 erms invpcid xsaveopt dtherm ida arat pln pts
bugs		:
bogomips	: 5586.75
clflush size	: 64
cache_alignment	: 64
address sizes	: 39 bits physical, 48 bits virtual
power management:



Memory: 4k page, physical 8043556k(133940k free), swap 496636k(0k free)

vm_info: OpenJDK 64-Bit Server VM (25.76-b01) for linux-amd64 JRE (1.8.0_76-release-b01), built on May 12 2016 15:32:38 by "ralucas" with gcc 4.8.4

time: Wed Aug 10 20:07:38 2016
elapsed time: 10 seconds (0d 0h 0m 10s)

